{"/Users/alibaba-wangzhisen/wong/classfy/bench/classnames.js": {"path":"/Users/alibaba-wangzhisen/wong/classfy/bench/classnames.js","statementMap":{"0":{"start":{"line":8,"column":0},"end":{"line":77,"column":null}},"1":{"start":{"line":11,"column":14},"end":{"line":11,"column":31}},"2":{"start":{"line":14,"column":16},"end":{"line":14,"column":18}},"3":{"start":{"line":16,"column":2},"end":{"line":21,"column":null}},"4":{"start":{"line":16,"column":15},"end":{"line":16,"column":16}},"5":{"start":{"line":17,"column":13},"end":{"line":17,"column":25}},"6":{"start":{"line":18,"column":3},"end":{"line":20,"column":null}},"7":{"start":{"line":19,"column":4},"end":{"line":19,"column":null}},"8":{"start":{"line":23,"column":2},"end":{"line":23,"column":null}},"9":{"start":{"line":27,"column":2},"end":{"line":29,"column":null}},"10":{"start":{"line":28,"column":3},"end":{"line":28,"column":null}},"11":{"start":{"line":31,"column":2},"end":{"line":33,"column":null}},"12":{"start":{"line":32,"column":3},"end":{"line":32,"column":null}},"13":{"start":{"line":35,"column":2},"end":{"line":37,"column":null}},"14":{"start":{"line":36,"column":3},"end":{"line":36,"column":null}},"15":{"start":{"line":39,"column":2},"end":{"line":41,"column":null}},"16":{"start":{"line":40,"column":3},"end":{"line":40,"column":null}},"17":{"start":{"line":43,"column":16},"end":{"line":43,"column":18}},"18":{"start":{"line":45,"column":2},"end":{"line":49,"column":null}},"19":{"start":{"line":46,"column":3},"end":{"line":48,"column":null}},"20":{"start":{"line":47,"column":4},"end":{"line":47,"column":null}},"21":{"start":{"line":51,"column":2},"end":{"line":51,"column":null}},"22":{"start":{"line":55,"column":2},"end":{"line":57,"column":null}},"23":{"start":{"line":56,"column":3},"end":{"line":56,"column":null}},"24":{"start":{"line":59,"column":2},"end":{"line":61,"column":null}},"25":{"start":{"line":60,"column":3},"end":{"line":60,"column":null}},"26":{"start":{"line":63,"column":2},"end":{"line":63,"column":null}},"27":{"start":{"line":66,"column":1},"end":{"line":76,"column":null}},"28":{"start":{"line":67,"column":2},"end":{"line":67,"column":null}},"29":{"start":{"line":68,"column":2},"end":{"line":68,"column":null}},"30":{"start":{"line":69,"column":8},"end":{"line":76,"column":null}},"31":{"start":{"line":71,"column":2},"end":{"line":73,"column":null}},"32":{"start":{"line":72,"column":3},"end":{"line":72,"column":null}},"33":{"start":{"line":75,"column":2},"end":{"line":75,"column":null}}},"fnMap":{"0":{"name":"(anonymous_0)","decl":{"start":{"line":8,"column":1},"end":{"line":8,"column":9}},"loc":{"start":{"line":8,"column":13},"end":{"line":77,"column":1}}},"1":{"name":"classNames","decl":{"start":{"line":13,"column":10},"end":{"line":13,"column":20}},"loc":{"start":{"line":13,"column":24},"end":{"line":24,"column":null}}},"2":{"name":"parseValue","decl":{"start":{"line":26,"column":10},"end":{"line":26,"column":20}},"loc":{"start":{"line":26,"column":27},"end":{"line":52,"column":null}}},"3":{"name":"appendClass","decl":{"start":{"line":54,"column":10},"end":{"line":54,"column":21}},"loc":{"start":{"line":54,"column":40},"end":{"line":64,"column":null}}},"4":{"name":"(anonymous_4)","decl":{"start":{"line":71,"column":27},"end":{"line":71,"column":35}},"loc":{"start":{"line":71,"column":39},"end":{"line":73,"column":3}}}},"branchMap":{"0":{"loc":{"start":{"line":18,"column":3},"end":{"line":20,"column":null}},"type":"if","locations":[{"start":{"line":18,"column":3},"end":{"line":20,"column":null}},{"start":{},"end":{}}]},"1":{"loc":{"start":{"line":27,"column":2},"end":{"line":29,"column":null}},"type":"if","locations":[{"start":{"line":27,"column":2},"end":{"line":29,"column":null}},{"start":{},"end":{}}]},"2":{"loc":{"start":{"line":27,"column":6},"end":{"line":27,"column":56}},"type":"binary-expr","locations":[{"start":{"line":27,"column":6},"end":{"line":27,"column":29}},{"start":{"line":27,"column":33},"end":{"line":27,"column":56}}]},"3":{"loc":{"start":{"line":31,"column":2},"end":{"line":33,"column":null}},"type":"if","locations":[{"start":{"line":31,"column":2},"end":{"line":33,"column":null}},{"start":{},"end":{}}]},"4":{"loc":{"start":{"line":35,"column":2},"end":{"line":37,"column":null}},"type":"if","locations":[{"start":{"line":35,"column":2},"end":{"line":37,"column":null}},{"start":{},"end":{}}]},"5":{"loc":{"start":{"line":39,"column":2},"end":{"line":41,"column":null}},"type":"if","locations":[{"start":{"line":39,"column":2},"end":{"line":41,"column":null}},{"start":{},"end":{}}]},"6":{"loc":{"start":{"line":39,"column":6},"end":{"line":39,"column":102}},"type":"binary-expr","locations":[{"start":{"line":39,"column":6},"end":{"line":39,"column":48}},{"start":{"line":39,"column":52},"end":{"line":39,"column":102}}]},"7":{"loc":{"start":{"line":46,"column":3},"end":{"line":48,"column":null}},"type":"if","locations":[{"start":{"line":46,"column":3},"end":{"line":48,"column":null}},{"start":{},"end":{}}]},"8":{"loc":{"start":{"line":46,"column":7},"end":{"line":46,"column":40}},"type":"binary-expr","locations":[{"start":{"line":46,"column":7},"end":{"line":46,"column":28}},{"start":{"line":46,"column":32},"end":{"line":46,"column":40}}]},"9":{"loc":{"start":{"line":55,"column":2},"end":{"line":57,"column":null}},"type":"if","locations":[{"start":{"line":55,"column":2},"end":{"line":57,"column":null}},{"start":{},"end":{}}]},"10":{"loc":{"start":{"line":59,"column":2},"end":{"line":61,"column":null}},"type":"if","locations":[{"start":{"line":59,"column":2},"end":{"line":61,"column":null}},{"start":{},"end":{}}]},"11":{"loc":{"start":{"line":66,"column":1},"end":{"line":76,"column":null}},"type":"if","locations":[{"start":{"line":66,"column":1},"end":{"line":76,"column":null}},{"start":{"line":69,"column":8},"end":{"line":76,"column":null}}]},"12":{"loc":{"start":{"line":66,"column":5},"end":{"line":66,"column":52}},"type":"binary-expr","locations":[{"start":{"line":66,"column":5},"end":{"line":66,"column":34}},{"start":{"line":66,"column":38},"end":{"line":66,"column":52}}]},"13":{"loc":{"start":{"line":69,"column":8},"end":{"line":76,"column":null}},"type":"if","locations":[{"start":{"line":69,"column":8},"end":{"line":76,"column":null}},{"start":{"line":74,"column":8},"end":{"line":76,"column":null}}]},"14":{"loc":{"start":{"line":69,"column":12},"end":{"line":69,"column":88}},"type":"binary-expr","locations":[{"start":{"line":69,"column":12},"end":{"line":69,"column":40}},{"start":{"line":69,"column":44},"end":{"line":69,"column":74}},{"start":{"line":69,"column":78},"end":{"line":69,"column":88}}]}},"s":{"0":0,"1":0,"2":0,"3":0,"4":0,"5":0,"6":0,"7":0,"8":0,"9":0,"10":0,"11":0,"12":0,"13":0,"14":0,"15":0,"16":0,"17":0,"18":0,"19":0,"20":0,"21":0,"22":0,"23":0,"24":0,"25":0,"26":0,"27":0,"28":0,"29":0,"30":0,"31":0,"32":0,"33":0},"f":{"0":0,"1":0,"2":0,"3":0,"4":0},"b":{"0":[0,0],"1":[0,0],"2":[0,0],"3":[0,0],"4":[0,0],"5":[0,0],"6":[0,0],"7":[0,0],"8":[0,0],"9":[0,0],"10":[0,0],"11":[0,0],"12":[0,0],"13":[0,0],"14":[0,0,0]}}
,"/Users/alibaba-wangzhisen/wong/classfy/bench/index.ts": {"path":"/Users/alibaba-wangzhisen/wong/classfy/bench/index.ts","statementMap":{"0":{"start":{"line":5,"column":14},"end":{"line":5,"column":null}},"1":{"start":{"line":7,"column":0},"end":{"line":9,"column":null}},"2":{"start":{"line":8,"column":2},"end":{"line":8,"column":null}},"3":{"start":{"line":11,"column":0},"end":{"line":22,"column":null}},"4":{"start":{"line":12,"column":2},"end":{"line":21,"column":null}},"5":{"start":{"line":24,"column":0},"end":{"line":26,"column":null}},"6":{"start":{"line":25,"column":2},"end":{"line":25,"column":null}},"7":{"start":{"line":28,"column":0},"end":{"line":39,"column":null}},"8":{"start":{"line":29,"column":2},"end":{"line":38,"column":null}},"9":{"start":{"line":61,"column":0},"end":{"line":64,"column":null}},"10":{"start":{"line":62,"column":2},"end":{"line":62,"column":null}},"11":{"start":{"line":63,"column":2},"end":{"line":63,"column":null}}},"fnMap":{"0":{"name":"(anonymous_0)","decl":{"start":{"line":7,"column":30},"end":{"line":7,"column":36}},"loc":{"start":{"line":7,"column":36},"end":{"line":9,"column":1}}},"1":{"name":"(anonymous_1)","decl":{"start":{"line":11,"column":30},"end":{"line":11,"column":36}},"loc":{"start":{"line":11,"column":36},"end":{"line":22,"column":1}}},"2":{"name":"(anonymous_2)","decl":{"start":{"line":24,"column":34},"end":{"line":24,"column":40}},"loc":{"start":{"line":24,"column":40},"end":{"line":26,"column":1}}},"3":{"name":"(anonymous_3)","decl":{"start":{"line":28,"column":34},"end":{"line":28,"column":40}},"loc":{"start":{"line":28,"column":40},"end":{"line":39,"column":1}}},"4":{"name":"(anonymous_4)","decl":{"start":{"line":61,"column":17},"end":{"line":61,"column":23}},"loc":{"start":{"line":61,"column":23},"end":{"line":64,"column":1}}}},"branchMap":{},"s":{"0":0,"1":0,"2":0,"3":0,"4":0,"5":0,"6":0,"7":0,"8":0,"9":0,"10":0,"11":0},"f":{"0":0,"1":0,"2":0,"3":0,"4":0},"b":{}}
,"/Users/alibaba-wangzhisen/wong/classfy/output/index.js": {"path":"/Users/alibaba-wangzhisen/wong/classfy/output/index.js","statementMap":{"0":{"start":{"line":2,"column":15},"end":{"line":2,"column":28}},"1":{"start":{"line":3,"column":16},"end":{"line":3,"column":37}},"2":{"start":{"line":4,"column":23},"end":{"line":4,"column":54}},"3":{"start":{"line":5,"column":24},"end":{"line":5,"column":50}},"4":{"start":{"line":6,"column":26},"end":{"line":6,"column":54}},"5":{"start":{"line":7,"column":19},"end":{"line":7,"column":40}},"6":{"start":{"line":8,"column":19},"end":{"line":8,"column":50}},"7":{"start":{"line":9,"column":19},"end":{"line":9,"column":56}},"8":{"start":{"line":10,"column":12},"end":{"line":10,"column":20}},"9":{"start":{"line":11,"column":22},"end":{"line":11,"column":159}},"10":{"start":{"line":11,"column":43},"end":{"line":11,"column":159}},"11":{"start":{"line":12,"column":21},"end":{"line":22,"column":1}},"12":{"start":{"line":13,"column":2},"end":{"line":15,"column":null}},"13":{"start":{"line":14,"column":4},"end":{"line":15,"column":null}},"14":{"start":{"line":15,"column":6},"end":{"line":15,"column":null}},"15":{"start":{"line":16,"column":2},"end":{"line":20,"column":null}},"16":{"start":{"line":17,"column":4},"end":{"line":20,"column":null}},"17":{"start":{"line":18,"column":6},"end":{"line":19,"column":null}},"18":{"start":{"line":19,"column":8},"end":{"line":19,"column":null}},"19":{"start":{"line":21,"column":2},"end":{"line":21,"column":null}},"20":{"start":{"line":23,"column":17},"end":{"line":25,"column":1}},"21":{"start":{"line":23,"column":30},"end":{"line":25,"column":1}},"22":{"start":{"line":24,"column":2},"end":{"line":24,"column":null}},"23":{"start":{"line":26,"column":18},"end":{"line":33,"column":1}},"24":{"start":{"line":27,"column":2},"end":{"line":31,"column":null}},"25":{"start":{"line":28,"column":4},"end":{"line":30,"column":null}},"26":{"start":{"line":29,"column":6},"end":{"line":30,"column":null}},"27":{"start":{"line":30,"column":8},"end":{"line":30,"column":null}},"28":{"start":{"line":30,"column":40},"end":{"line":30,"column":49}},"29":{"start":{"line":32,"column":2},"end":{"line":32,"column":null}},"30":{"start":{"line":34,"column":14},"end":{"line":41,"column":2}},"31":{"start":{"line":34,"column":44},"end":{"line":41,"column":1}},"32":{"start":{"line":42,"column":14},"end":{"line":61,"column":1}},"33":{"start":{"line":43,"column":2},"end":{"line":60,"column":null}},"34":{"start":{"line":44,"column":20},"end":{"line":50,"column":5}},"35":{"start":{"line":45,"column":6},"end":{"line":49,"column":null}},"36":{"start":{"line":46,"column":8},"end":{"line":46,"column":null}},"37":{"start":{"line":48,"column":8},"end":{"line":48,"column":null}},"38":{"start":{"line":51,"column":19},"end":{"line":57,"column":5}},"39":{"start":{"line":52,"column":6},"end":{"line":56,"column":null}},"40":{"start":{"line":53,"column":8},"end":{"line":53,"column":null}},"41":{"start":{"line":55,"column":8},"end":{"line":55,"column":null}},"42":{"start":{"line":58,"column":15},"end":{"line":58,"column":104}},"43":{"start":{"line":58,"column":23},"end":{"line":58,"column":104}},"44":{"start":{"line":59,"column":4},"end":{"line":59,"column":null}},"45":{"start":{"line":64,"column":25},"end":{"line":122,"column":2}},"46":{"start":{"line":67,"column":4},"end":{"line":120,"column":null}},"47":{"start":{"line":69,"column":19},"end":{"line":69,"column":36}},"48":{"start":{"line":71,"column":22},"end":{"line":71,"column":24}},"49":{"start":{"line":72,"column":8},"end":{"line":77,"column":null}},"50":{"start":{"line":72,"column":21},"end":{"line":72,"column":22}},"51":{"start":{"line":73,"column":20},"end":{"line":73,"column":32}},"52":{"start":{"line":74,"column":10},"end":{"line":76,"column":null}},"53":{"start":{"line":75,"column":12},"end":{"line":75,"column":null}},"54":{"start":{"line":78,"column":8},"end":{"line":78,"column":null}},"55":{"start":{"line":81,"column":8},"end":{"line":83,"column":null}},"56":{"start":{"line":82,"column":10},"end":{"line":82,"column":null}},"57":{"start":{"line":84,"column":8},"end":{"line":86,"column":null}},"58":{"start":{"line":85,"column":10},"end":{"line":85,"column":null}},"59":{"start":{"line":87,"column":8},"end":{"line":89,"column":null}},"60":{"start":{"line":88,"column":10},"end":{"line":88,"column":null}},"61":{"start":{"line":90,"column":8},"end":{"line":92,"column":null}},"62":{"start":{"line":91,"column":10},"end":{"line":91,"column":null}},"63":{"start":{"line":93,"column":22},"end":{"line":93,"column":24}},"64":{"start":{"line":94,"column":8},"end":{"line":98,"column":null}},"65":{"start":{"line":95,"column":10},"end":{"line":97,"column":null}},"66":{"start":{"line":96,"column":12},"end":{"line":96,"column":null}},"67":{"start":{"line":99,"column":8},"end":{"line":99,"column":null}},"68":{"start":{"line":102,"column":8},"end":{"line":104,"column":null}},"69":{"start":{"line":103,"column":10},"end":{"line":103,"column":null}},"70":{"start":{"line":105,"column":8},"end":{"line":107,"column":null}},"71":{"start":{"line":106,"column":10},"end":{"line":106,"column":null}},"72":{"start":{"line":108,"column":8},"end":{"line":108,"column":null}},"73":{"start":{"line":110,"column":6},"end":{"line":119,"column":null}},"74":{"start":{"line":111,"column":8},"end":{"line":111,"column":null}},"75":{"start":{"line":112,"column":8},"end":{"line":112,"column":null}},"76":{"start":{"line":113,"column":13},"end":{"line":119,"column":null}},"77":{"start":{"line":114,"column":8},"end":{"line":116,"column":null}},"78":{"start":{"line":115,"column":10},"end":{"line":115,"column":null}},"79":{"start":{"line":118,"column":8},"end":{"line":118,"column":null}},"80":{"start":{"line":125,"column":9},"end":{"line":125,"column":30}},"81":{"start":{"line":126,"column":8},"end":{"line":128,"column":1}},"82":{"start":{"line":127,"column":2},"end":{"line":127,"column":null}},"83":{"start":{"line":129,"column":9},"end":{"line":129,"column":118}},"84":{"start":{"line":129,"column":22},"end":{"line":129,"column":118}},"85":{"start":{"line":130,"column":8},"end":{"line":130,"column":64}},"86":{"start":{"line":130,"column":21},"end":{"line":130,"column":64}},"87":{"start":{"line":131,"column":8},"end":{"line":131,"column":49}},"88":{"start":{"line":131,"column":21},"end":{"line":131,"column":49}},"89":{"start":{"line":132,"column":8},"end":{"line":132,"column":83}},"90":{"start":{"line":132,"column":22},"end":{"line":132,"column":82}},"91":{"start":{"line":133,"column":8},"end":{"line":133,"column":134}},"92":{"start":{"line":133,"column":21},"end":{"line":133,"column":134}},"93":{"start":{"line":134,"column":8},"end":{"line":134,"column":94}},"94":{"start":{"line":134,"column":25},"end":{"line":134,"column":93}},"95":{"start":{"line":135,"column":8},"end":{"line":142,"column":2}},"96":{"start":{"line":135,"column":25},"end":{"line":142,"column":1}},"97":{"start":{"line":137,"column":4},"end":{"line":137,"column":null}},"98":{"start":{"line":140,"column":4},"end":{"line":140,"column":null}},"99":{"start":{"line":143,"column":8},"end":{"line":149,"column":1}},"100":{"start":{"line":145,"column":4},"end":{"line":145,"column":null}},"101":{"start":{"line":146,"column":4},"end":{"line":146,"column":null}},"102":{"start":{"line":147,"column":4},"end":{"line":147,"column":null}},"103":{"start":{"line":153,"column":8},"end":{"line":189,"column":1}},"104":{"start":{"line":155,"column":4},"end":{"line":155,"column":null}},"105":{"start":{"line":156,"column":4},"end":{"line":156,"column":null}},"106":{"start":{"line":157,"column":4},"end":{"line":157,"column":null}},"107":{"start":{"line":158,"column":4},"end":{"line":158,"column":null}},"108":{"start":{"line":161,"column":12},"end":{"line":161,"column":20}},"109":{"start":{"line":162,"column":4},"end":{"line":162,"column":null}},"110":{"start":{"line":165,"column":12},"end":{"line":165,"column":22}},"111":{"start":{"line":166,"column":4},"end":{"line":167,"column":null}},"112":{"start":{"line":167,"column":6},"end":{"line":167,"column":null}},"113":{"start":{"line":170,"column":4},"end":{"line":171,"column":null}},"114":{"start":{"line":171,"column":6},"end":{"line":171,"column":null}},"115":{"start":{"line":174,"column":4},"end":{"line":174,"column":null}},"116":{"start":{"line":177,"column":4},"end":{"line":177,"column":null}},"117":{"start":{"line":180,"column":12},"end":{"line":180,"column":22}},"118":{"start":{"line":181,"column":4},"end":{"line":182,"column":null}},"119":{"start":{"line":182,"column":6},"end":{"line":182,"column":null}},"120":{"start":{"line":186,"column":4},"end":{"line":187,"column":null}},"121":{"start":{"line":187,"column":6},"end":{"line":187,"column":null}},"122":{"start":{"line":190,"column":0},"end":{"line":190,"column":null}},"123":{"start":{"line":192,"column":2},"end":{"line":192,"column":null}},"124":{"start":{"line":193,"column":10},"end":{"line":193,"column":17}},"125":{"start":{"line":193,"column":23},"end":{"line":193,"column":24}},"126":{"start":{"line":193,"column":30},"end":{"line":195,"column":3}},"127":{"start":{"line":194,"column":4},"end":{"line":194,"column":null}},"128":{"start":{"line":195,"column":9},"end":{"line":197,"column":3}},"129":{"start":{"line":196,"column":4},"end":{"line":196,"column":null}},"130":{"start":{"line":197,"column":9},"end":{"line":207,"column":4}},"131":{"start":{"line":197,"column":22},"end":{"line":207,"column":4}},"132":{"start":{"line":198,"column":12},"end":{"line":200,"column":9}},"133":{"start":{"line":198,"column":19},"end":{"line":200,"column":6}},"134":{"start":{"line":199,"column":6},"end":{"line":199,"column":null}},"135":{"start":{"line":201,"column":4},"end":{"line":201,"column":null}},"136":{"start":{"line":202,"column":4},"end":{"line":205,"column":null}},"137":{"start":{"line":203,"column":6},"end":{"line":203,"column":null}},"138":{"start":{"line":206,"column":4},"end":{"line":206,"column":null}},"139":{"start":{"line":207,"column":10},"end":{"line":215,"column":3}},"140":{"start":{"line":208,"column":4},"end":{"line":214,"column":null}},"141":{"start":{"line":209,"column":6},"end":{"line":209,"column":null}},"142":{"start":{"line":212,"column":14},"end":{"line":214,"column":6}},"143":{"start":{"line":213,"column":6},"end":{"line":213,"column":null}},"144":{"start":{"line":215,"column":9},"end":{"line":217,"column":4}},"145":{"start":{"line":215,"column":22},"end":{"line":217,"column":4}},"146":{"start":{"line":216,"column":4},"end":{"line":216,"column":null}},"147":{"start":{"line":218,"column":2},"end":{"line":239,"column":null}},"148":{"start":{"line":220,"column":17},"end":{"line":220,"column":null}},"149":{"start":{"line":223,"column":17},"end":{"line":223,"column":null}},"150":{"start":{"line":227,"column":8},"end":{"line":227,"column":null}},"151":{"start":{"line":231,"column":17},"end":{"line":231,"column":18}},"152":{"start":{"line":233,"column":8},"end":{"line":236,"column":null}},"153":{"start":{"line":234,"column":10},"end":{"line":235,"column":null}},"154":{"start":{"line":235,"column":12},"end":{"line":235,"column":null}},"155":{"start":{"line":242,"column":2},"end":{"line":243,"column":null}},"156":{"start":{"line":243,"column":4},"end":{"line":243,"column":null}},"157":{"start":{"line":245,"column":8},"end":{"line":1271,"column":2}},"158":{"start":{"line":1272,"column":8},"end":{"line":1272,"column":11}},"159":{"start":{"line":1273,"column":8},"end":{"line":1273,"column":10}},"160":{"start":{"line":1274,"column":8},"end":{"line":1274,"column":11}},"161":{"start":{"line":1275,"column":8},"end":{"line":1275,"column":10}},"162":{"start":{"line":1276,"column":8},"end":{"line":1277,"column":2}},"163":{"start":{"line":1278,"column":8},"end":{"line":1286,"column":1}},"164":{"start":{"line":1279,"column":10},"end":{"line":1279,"column":22}},"165":{"start":{"line":1280,"column":2},"end":{"line":1285,"column":null}},"166":{"start":{"line":1287,"column":8},"end":{"line":1300,"column":1}},"167":{"start":{"line":1288,"column":10},"end":{"line":1288,"column":28}},"168":{"start":{"line":1289,"column":2},"end":{"line":1299,"column":null}},"169":{"start":{"line":1303,"column":9},"end":{"line":1303,"column":110}},"170":{"start":{"line":1304,"column":9},"end":{"line":1304,"column":26}},"171":{"start":{"line":1307,"column":9},"end":{"line":1307,"column":107}},"172":{"start":{"line":1308,"column":9},"end":{"line":1308,"column":36}},"173":{"start":{"line":1312,"column":2},"end":{"line":1312,"column":null}},"174":{"start":{"line":1319,"column":9},"end":{"line":1319,"column":227}},"175":{"start":{"line":1320,"column":9},"end":{"line":1320,"column":46}},"176":{"start":{"line":1321,"column":9},"end":{"line":1321,"column":50}},"177":{"start":{"line":1322,"column":9},"end":{"line":1322,"column":31}},"178":{"start":{"line":1323,"column":9},"end":{"line":1323,"column":28}},"179":{"start":{"line":1326,"column":2},"end":{"line":1328,"column":null}},"180":{"start":{"line":1330,"column":9},"end":{"line":1330,"column":24}},"181":{"start":{"line":1334,"column":2},"end":{"line":1334,"column":null}},"182":{"start":{"line":1338,"column":2},"end":{"line":1339,"column":null}},"183":{"start":{"line":1343,"column":2},"end":{"line":1343,"column":null}},"184":{"start":{"line":1345,"column":8},"end":{"line":1345,"column":261}},"185":{"start":{"line":1346,"column":9},"end":{"line":1352,"column":4}},"186":{"start":{"line":1348,"column":2},"end":{"line":1351,"column":null}},"187":{"start":{"line":1353,"column":8},"end":{"line":1353,"column":22}},"188":{"start":{"line":1353,"column":15},"end":{"line":1353,"column":22}},"189":{"start":{"line":1354,"column":8},"end":{"line":1354,"column":129}},"190":{"start":{"line":1354,"column":21},"end":{"line":1354,"column":129}},"191":{"start":{"line":1358,"column":0},"end":{"line":1360,"column":null}},"192":{"start":{"line":1359,"column":2},"end":{"line":1359,"column":null}},"193":{"start":{"line":1361,"column":9},"end":{"line":1361,"column":42}},"194":{"start":{"line":1362,"column":8},"end":{"line":1362,"column":10}},"195":{"start":{"line":1363,"column":8},"end":{"line":1363,"column":80}},"196":{"start":{"line":1363,"column":15},"end":{"line":1363,"column":80}},"197":{"start":{"line":1364,"column":9},"end":{"line":1368,"column":1}},"198":{"start":{"line":1366,"column":2},"end":{"line":1367,"column":null}},"199":{"start":{"line":1366,"column":50},"end":{"line":1367,"column":4}},"200":{"start":{"line":1369,"column":9},"end":{"line":1386,"column":1}},"201":{"start":{"line":1371,"column":2},"end":{"line":1372,"column":null}},"202":{"start":{"line":1372,"column":4},"end":{"line":1372,"column":null}},"203":{"start":{"line":1373,"column":2},"end":{"line":1374,"column":null}},"204":{"start":{"line":1374,"column":4},"end":{"line":1374,"column":null}},"205":{"start":{"line":1375,"column":2},"end":{"line":1385,"column":null}},"206":{"start":{"line":1376,"column":12},"end":{"line":1376,"column":15}},"207":{"start":{"line":1376,"column":21},"end":{"line":1376,"column":25}},"208":{"start":{"line":1377,"column":4},"end":{"line":1381,"column":null}},"209":{"start":{"line":1378,"column":6},"end":{"line":1381,"column":null}},"210":{"start":{"line":1379,"column":8},"end":{"line":1379,"column":null}},"211":{"start":{"line":1382,"column":4},"end":{"line":1382,"column":null}},"212":{"start":{"line":1384,"column":4},"end":{"line":1384,"column":null}},"213":{"start":{"line":1387,"column":8},"end":{"line":1391,"column":1}},"214":{"start":{"line":1388,"column":2},"end":{"line":1389,"column":null}},"215":{"start":{"line":1389,"column":4},"end":{"line":1389,"column":null}},"216":{"start":{"line":1390,"column":2},"end":{"line":1390,"column":null}},"217":{"start":{"line":1390,"column":28},"end":{"line":1390,"column":33}},"218":{"start":{"line":1392,"column":9},"end":{"line":1392,"column":90}},"219":{"start":{"line":1392,"column":26},"end":{"line":1392,"column":90}},"220":{"start":{"line":1392,"column":45},"end":{"line":1392,"column":64}},"221":{"start":{"line":1393,"column":8},"end":{"line":1408,"column":1}},"222":{"start":{"line":1394,"column":2},"end":{"line":1395,"column":null}},"223":{"start":{"line":1395,"column":4},"end":{"line":1395,"column":null}},"224":{"start":{"line":1396,"column":2},"end":{"line":1397,"column":null}},"225":{"start":{"line":1397,"column":4},"end":{"line":1397,"column":null}},"226":{"start":{"line":1398,"column":2},"end":{"line":1399,"column":null}},"227":{"start":{"line":1399,"column":4},"end":{"line":1399,"column":null}},"228":{"start":{"line":1400,"column":2},"end":{"line":1401,"column":null}},"229":{"start":{"line":1401,"column":4},"end":{"line":1401,"column":null}},"230":{"start":{"line":1402,"column":10},"end":{"line":1402,"column":28}},"231":{"start":{"line":1402,"column":34},"end":{"line":1402,"column":47}},"232":{"start":{"line":1403,"column":2},"end":{"line":1407,"column":null}},"233":{"start":{"line":1409,"column":9},"end":{"line":1409,"column":25}},"234":{"start":{"line":1409,"column":16},"end":{"line":1409,"column":25}},"235":{"start":{"line":1410,"column":9},"end":{"line":1410,"column":43}},"236":{"start":{"line":1410,"column":16},"end":{"line":1410,"column":43}},"237":{"start":{"line":1410,"column":36},"end":{"line":1410,"column":41}},"238":{"start":{"line":1411,"column":8},"end":{"line":1416,"column":1}},"239":{"start":{"line":1412,"column":10},"end":{"line":1412,"column":12}},"240":{"start":{"line":1413,"column":2},"end":{"line":1414,"column":null}},"241":{"start":{"line":1414,"column":4},"end":{"line":1414,"column":null}},"242":{"start":{"line":1415,"column":2},"end":{"line":1415,"column":null}},"243":{"start":{"line":1417,"column":8},"end":{"line":1441,"column":1}},"244":{"start":{"line":1418,"column":10},"end":{"line":1418,"column":14}},"245":{"start":{"line":1418,"column":20},"end":{"line":1418,"column":28}},"246":{"start":{"line":1418,"column":34},"end":{"line":1418,"column":46}},"247":{"start":{"line":1418,"column":52},"end":{"line":1418,"column":75}},"248":{"start":{"line":1418,"column":81},"end":{"line":1418,"column":93}},"249":{"start":{"line":1418,"column":99},"end":{"line":1418,"column":147}},"250":{"start":{"line":1418,"column":153},"end":{"line":1418,"column":158}},"251":{"start":{"line":1418,"column":164},"end":{"line":1418,"column":175}},"252":{"start":{"line":1418,"column":181},"end":{"line":1418,"column":186}},"253":{"start":{"line":1419,"column":2},"end":{"line":1440,"column":null}},"254":{"start":{"line":1442,"column":8},"end":{"line":1445,"column":1}},"255":{"start":{"line":1443,"column":2},"end":{"line":1444,"column":null}},"256":{"start":{"line":1444,"column":4},"end":{"line":1444,"column":null}},"257":{"start":{"line":1446,"column":8},"end":{"line":1711,"column":1}},"258":{"start":{"line":1448,"column":4},"end":{"line":1448,"column":null}},"259":{"start":{"line":1449,"column":4},"end":{"line":1449,"column":null}},"260":{"start":{"line":1450,"column":4},"end":{"line":1450,"column":null}},"261":{"start":{"line":1453,"column":4},"end":{"line":1453,"column":null}},"262":{"start":{"line":1456,"column":4},"end":{"line":1456,"column":null}},"263":{"start":{"line":1463,"column":4},"end":{"line":1463,"column":null}},"264":{"start":{"line":1471,"column":4},"end":{"line":1484,"column":null}},"265":{"start":{"line":1473,"column":6},"end":{"line":1474,"column":null}},"266":{"start":{"line":1474,"column":8},"end":{"line":1474,"column":null}},"267":{"start":{"line":1475,"column":6},"end":{"line":1475,"column":null}},"268":{"start":{"line":1476,"column":37},"end":{"line":1482,"column":7}},"269":{"start":{"line":1483,"column":6},"end":{"line":1483,"column":null}},"270":{"start":{"line":1493,"column":4},"end":{"line":1494,"column":null}},"271":{"start":{"line":1494,"column":6},"end":{"line":1494,"column":null}},"272":{"start":{"line":1495,"column":4},"end":{"line":1498,"column":null}},"273":{"start":{"line":1499,"column":12},"end":{"line":1499,"column":87}},"274":{"start":{"line":1500,"column":4},"end":{"line":1503,"column":null}},"275":{"start":{"line":1504,"column":35},"end":{"line":1510,"column":5}},"276":{"start":{"line":1510,"column":11},"end":{"line":1510,"column":89}},"277":{"start":{"line":1511,"column":4},"end":{"line":1514,"column":null}},"278":{"start":{"line":1521,"column":4},"end":{"line":1534,"column":null}},"279":{"start":{"line":1523,"column":6},"end":{"line":1524,"column":null}},"280":{"start":{"line":1524,"column":8},"end":{"line":1524,"column":null}},"281":{"start":{"line":1525,"column":6},"end":{"line":1525,"column":null}},"282":{"start":{"line":1526,"column":25},"end":{"line":1532,"column":7}},"283":{"start":{"line":1533,"column":6},"end":{"line":1533,"column":null}},"284":{"start":{"line":1542,"column":4},"end":{"line":1543,"column":null}},"285":{"start":{"line":1543,"column":6},"end":{"line":1543,"column":null}},"286":{"start":{"line":1544,"column":4},"end":{"line":1544,"column":null}},"287":{"start":{"line":1545,"column":12},"end":{"line":1545,"column":90}},"288":{"start":{"line":1546,"column":4},"end":{"line":1549,"column":null}},"289":{"start":{"line":1550,"column":23},"end":{"line":1556,"column":5}},"290":{"start":{"line":1556,"column":11},"end":{"line":1556,"column":92}},"291":{"start":{"line":1557,"column":4},"end":{"line":1560,"column":null}},"292":{"start":{"line":1563,"column":4},"end":{"line":1602,"column":null}},"293":{"start":{"line":1565,"column":6},"end":{"line":1570,"column":null}},"294":{"start":{"line":1566,"column":8},"end":{"line":1570,"column":null}},"295":{"start":{"line":1567,"column":10},"end":{"line":1567,"column":null}},"296":{"start":{"line":1569,"column":10},"end":{"line":1569,"column":null}},"297":{"start":{"line":1571,"column":14},"end":{"line":1571,"column":15}},"298":{"start":{"line":1571,"column":21},"end":{"line":1571,"column":23}},"299":{"start":{"line":1571,"column":29},"end":{"line":1582,"column":8}},"300":{"start":{"line":1571,"column":35},"end":{"line":1582,"column":8}},"301":{"start":{"line":1572,"column":8},"end":{"line":1572,"column":null}},"302":{"start":{"line":1573,"column":16},"end":{"line":1573,"column":17}},"303":{"start":{"line":1574,"column":8},"end":{"line":1580,"column":null}},"304":{"start":{"line":1575,"column":18},"end":{"line":1575,"column":39}},"305":{"start":{"line":1576,"column":10},"end":{"line":1576,"column":null}},"306":{"start":{"line":1578,"column":18},"end":{"line":1578,"column":39}},"307":{"start":{"line":1579,"column":10},"end":{"line":1579,"column":null}},"308":{"start":{"line":1581,"column":8},"end":{"line":1581,"column":null}},"309":{"start":{"line":1583,"column":6},"end":{"line":1594,"column":null}},"310":{"start":{"line":1584,"column":16},"end":{"line":1584,"column":39}},"311":{"start":{"line":1584,"column":45},"end":{"line":1584,"column":47}},"312":{"start":{"line":1585,"column":8},"end":{"line":1590,"column":null}},"313":{"start":{"line":1590,"column":10},"end":{"line":1590,"column":null}},"314":{"start":{"line":1591,"column":8},"end":{"line":1591,"column":null}},"315":{"start":{"line":1593,"column":8},"end":{"line":1593,"column":null}},"316":{"start":{"line":1595,"column":6},"end":{"line":1600,"column":null}},"317":{"start":{"line":1596,"column":8},"end":{"line":1600,"column":null}},"318":{"start":{"line":1597,"column":10},"end":{"line":1597,"column":null}},"319":{"start":{"line":1599,"column":10},"end":{"line":1599,"column":null}},"320":{"start":{"line":1601,"column":6},"end":{"line":1601,"column":null}},"321":{"start":{"line":1605,"column":4},"end":{"line":1614,"column":null}},"322":{"start":{"line":1606,"column":6},"end":{"line":1614,"column":null}},"323":{"start":{"line":1607,"column":16},"end":{"line":1607,"column":51}},"324":{"start":{"line":1608,"column":8},"end":{"line":1611,"column":null}},"325":{"start":{"line":1613,"column":8},"end":{"line":1613,"column":null}},"326":{"start":{"line":1615,"column":12},"end":{"line":1615,"column":13}},"327":{"start":{"line":1615,"column":19},"end":{"line":1615,"column":21}},"328":{"start":{"line":1615,"column":27},"end":{"line":1634,"column":5}},"329":{"start":{"line":1616,"column":6},"end":{"line":1622,"column":null}},"330":{"start":{"line":1617,"column":16},"end":{"line":1617,"column":52}},"331":{"start":{"line":1618,"column":8},"end":{"line":1621,"column":null}},"332":{"start":{"line":1623,"column":14},"end":{"line":1623,"column":15}},"333":{"start":{"line":1623,"column":21},"end":{"line":1623,"column":42}},"334":{"start":{"line":1623,"column":48},"end":{"line":1623,"column":66}},"335":{"start":{"line":1624,"column":6},"end":{"line":1633,"column":null}},"336":{"start":{"line":1628,"column":16},"end":{"line":1628,"column":51}},"337":{"start":{"line":1629,"column":8},"end":{"line":1632,"column":null}},"338":{"start":{"line":1635,"column":4},"end":{"line":1644,"column":null}},"339":{"start":{"line":1636,"column":6},"end":{"line":1641,"column":null}},"340":{"start":{"line":1641,"column":8},"end":{"line":1641,"column":null}},"341":{"start":{"line":1643,"column":6},"end":{"line":1643,"column":null}},"342":{"start":{"line":1645,"column":4},"end":{"line":1654,"column":null}},"343":{"start":{"line":1646,"column":6},"end":{"line":1654,"column":null}},"344":{"start":{"line":1647,"column":16},"end":{"line":1647,"column":50}},"345":{"start":{"line":1648,"column":8},"end":{"line":1651,"column":null}},"346":{"start":{"line":1653,"column":8},"end":{"line":1653,"column":null}},"347":{"start":{"line":1655,"column":4},"end":{"line":1655,"column":null}},"348":{"start":{"line":1662,"column":4},"end":{"line":1662,"column":null}},"349":{"start":{"line":1665,"column":4},"end":{"line":1666,"column":null}},"350":{"start":{"line":1666,"column":6},"end":{"line":1666,"column":null}},"351":{"start":{"line":1673,"column":4},"end":{"line":1706,"column":null}},"352":{"start":{"line":1674,"column":6},"end":{"line":1674,"column":null}},"353":{"start":{"line":1675,"column":14},"end":{"line":1675,"column":42}},"354":{"start":{"line":1675,"column":33},"end":{"line":1675,"column":38}},"355":{"start":{"line":1675,"column":48},"end":{"line":1677,"column":7}},"356":{"start":{"line":1676,"column":25},"end":{"line":1676,"column":30}},"357":{"start":{"line":1677,"column":13},"end":{"line":1679,"column":29}},"358":{"start":{"line":1678,"column":15},"end":{"line":1678,"column":null}},"359":{"start":{"line":1679,"column":23},"end":{"line":1679,"column":28}},"360":{"start":{"line":1679,"column":35},"end":{"line":1679,"column":39}},"361":{"start":{"line":1680,"column":6},"end":{"line":1681,"column":null}},"362":{"start":{"line":1681,"column":8},"end":{"line":1681,"column":null}},"363":{"start":{"line":1682,"column":6},"end":{"line":1705,"column":null}},"364":{"start":{"line":1707,"column":4},"end":{"line":1708,"column":null}},"365":{"start":{"line":1708,"column":6},"end":{"line":1708,"column":null}},"366":{"start":{"line":1709,"column":4},"end":{"line":1709,"column":null}},"367":{"start":{"line":1712,"column":8},"end":{"line":1883,"column":1}},"368":{"start":{"line":1714,"column":4},"end":{"line":1714,"column":null}},"369":{"start":{"line":1715,"column":4},"end":{"line":1715,"column":null}},"370":{"start":{"line":1716,"column":4},"end":{"line":1716,"column":null}},"371":{"start":{"line":1717,"column":4},"end":{"line":1717,"column":null}},"372":{"start":{"line":1718,"column":4},"end":{"line":1734,"column":null}},"373":{"start":{"line":1731,"column":8},"end":{"line":1731,"column":null}},"374":{"start":{"line":1741,"column":4},"end":{"line":1741,"column":null}},"375":{"start":{"line":1741,"column":48},"end":{"line":1741,"column":56}},"376":{"start":{"line":1748,"column":4},"end":{"line":1748,"column":null}},"377":{"start":{"line":1759,"column":4},"end":{"line":1760,"column":null}},"378":{"start":{"line":1760,"column":6},"end":{"line":1760,"column":null}},"379":{"start":{"line":1762,"column":14},"end":{"line":1762,"column":34}},"380":{"start":{"line":1763,"column":6},"end":{"line":1763,"column":null}},"381":{"start":{"line":1765,"column":4},"end":{"line":1765,"column":null}},"382":{"start":{"line":1768,"column":4},"end":{"line":1768,"column":null}},"383":{"start":{"line":1776,"column":4},"end":{"line":1776,"column":null}},"384":{"start":{"line":1784,"column":12},"end":{"line":1784,"column":27}},"385":{"start":{"line":1785,"column":4},"end":{"line":1785,"column":null}},"386":{"start":{"line":1788,"column":4},"end":{"line":1788,"column":null}},"387":{"start":{"line":1794,"column":4},"end":{"line":1794,"column":null}},"388":{"start":{"line":1795,"column":4},"end":{"line":1796,"column":null}},"389":{"start":{"line":1796,"column":6},"end":{"line":1796,"column":null}},"390":{"start":{"line":1803,"column":4},"end":{"line":1815,"column":null}},"391":{"start":{"line":1804,"column":6},"end":{"line":1804,"column":null}},"392":{"start":{"line":1805,"column":14},"end":{"line":1805,"column":16}},"393":{"start":{"line":1806,"column":6},"end":{"line":1813,"column":null}},"394":{"start":{"line":1807,"column":16},"end":{"line":1807,"column":33}},"395":{"start":{"line":1807,"column":39},"end":{"line":1807,"column":41}},"396":{"start":{"line":1808,"column":8},"end":{"line":1809,"column":null}},"397":{"start":{"line":1809,"column":10},"end":{"line":1809,"column":null}},"398":{"start":{"line":1810,"column":8},"end":{"line":1810,"column":null}},"399":{"start":{"line":1812,"column":8},"end":{"line":1813,"column":null}},"400":{"start":{"line":1813,"column":10},"end":{"line":1813,"column":null}},"401":{"start":{"line":1814,"column":6},"end":{"line":1814,"column":null}},"402":{"start":{"line":1822,"column":4},"end":{"line":1825,"column":null}},"403":{"start":{"line":1826,"column":12},"end":{"line":1826,"column":14}},"404":{"start":{"line":1827,"column":4},"end":{"line":1827,"column":null}},"405":{"start":{"line":1828,"column":4},"end":{"line":1829,"column":null}},"406":{"start":{"line":1829,"column":6},"end":{"line":1829,"column":null}},"407":{"start":{"line":1830,"column":4},"end":{"line":1830,"column":null}},"408":{"start":{"line":1838,"column":4},"end":{"line":1858,"column":null}},"409":{"start":{"line":1840,"column":6},"end":{"line":1856,"column":null}},"410":{"start":{"line":1841,"column":54},"end":{"line":1841,"column":62}},"411":{"start":{"line":1842,"column":8},"end":{"line":1855,"column":null}},"412":{"start":{"line":1857,"column":6},"end":{"line":1857,"column":null}},"413":{"start":{"line":1864,"column":4},"end":{"line":1873,"column":null}},"414":{"start":{"line":1865,"column":6},"end":{"line":1872,"column":null}},"415":{"start":{"line":1866,"column":16},"end":{"line":1866,"column":33}},"416":{"start":{"line":1866,"column":39},"end":{"line":1866,"column":41}},"417":{"start":{"line":1867,"column":8},"end":{"line":1868,"column":null}},"418":{"start":{"line":1868,"column":10},"end":{"line":1868,"column":null}},"419":{"start":{"line":1869,"column":8},"end":{"line":1869,"column":null}},"420":{"start":{"line":1871,"column":8},"end":{"line":1872,"column":null}},"421":{"start":{"line":1872,"column":10},"end":{"line":1872,"column":null}},"422":{"start":{"line":1879,"column":4},"end":{"line":1879,"column":null}},"423":{"start":{"line":1880,"column":4},"end":{"line":1881,"column":null}},"424":{"start":{"line":1881,"column":6},"end":{"line":1881,"column":null}},"425":{"start":{"line":1886,"column":21},"end":{"line":1886,"column":52}},"426":{"start":{"line":1887,"column":11},"end":{"line":1893,"column":1}},"427":{"start":{"line":1888,"column":15},"end":{"line":1888,"column":17}},"428":{"start":{"line":1889,"column":2},"end":{"line":1891,"column":null}},"429":{"start":{"line":1890,"column":4},"end":{"line":1890,"column":null}},"430":{"start":{"line":1892,"column":2},"end":{"line":1892,"column":null}},"431":{"start":{"line":1896,"column":2},"end":{"line":1898,"column":null}},"432":{"start":{"line":1897,"column":4},"end":{"line":1897,"column":null}},"433":{"start":{"line":1899,"column":2},"end":{"line":1905,"column":null}},"434":{"start":{"line":1900,"column":19},"end":{"line":1900,"column":21}},"435":{"start":{"line":1901,"column":4},"end":{"line":1903,"column":null}},"436":{"start":{"line":1902,"column":6},"end":{"line":1902,"column":null}},"437":{"start":{"line":1904,"column":4},"end":{"line":1904,"column":null}},"438":{"start":{"line":1906,"column":2},"end":{"line":1914,"column":null}},"439":{"start":{"line":1907,"column":19},"end":{"line":1907,"column":21}},"440":{"start":{"line":1908,"column":4},"end":{"line":1912,"column":null}},"441":{"start":{"line":1909,"column":6},"end":{"line":1911,"column":null}},"442":{"start":{"line":1910,"column":8},"end":{"line":1910,"column":null}},"443":{"start":{"line":1913,"column":4},"end":{"line":1913,"column":null}},"444":{"start":{"line":1915,"column":2},"end":{"line":1915,"column":null}},"445":{"start":{"line":1917,"column":13},"end":{"line":1929,"column":1}},"446":{"start":{"line":1919,"column":4},"end":{"line":1919,"column":null}},"447":{"start":{"line":1922,"column":4},"end":{"line":1922,"column":null}},"448":{"start":{"line":1922,"column":27},"end":{"line":1922,"column":null}},"449":{"start":{"line":1923,"column":23},"end":{"line":1923,"column":25}},"450":{"start":{"line":1924,"column":4},"end":{"line":1926,"column":null}},"451":{"start":{"line":1925,"column":6},"end":{"line":1925,"column":null}},"452":{"start":{"line":1927,"column":4},"end":{"line":1927,"column":null}},"453":{"start":{"line":1930,"column":21},"end":{"line":1930,"column":33}},"454":{"start":{"line":1932,"column":2},"end":{"line":1932,"column":null}},"455":{"start":{"line":1934,"column":0},"end":{"line":1937,"column":null}},"456":{"start":{"line":1935,"column":19},"end":{"line":1935,"column":34}},"457":{"start":{"line":1936,"column":2},"end":{"line":1936,"column":null}},"458":{"start":{"line":1936,"column":22},"end":{"line":1936,"column":46}},"459":{"start":{"line":1938,"column":18},"end":{"line":1938,"column":24}},"460":{"start":{"line":1941,"column":24},"end":{"line":1941,"column":53}},"461":{"start":{"line":1942,"column":12},"end":{"line":1942,"column":58}},"462":{"start":{"line":1943,"column":0},"end":{"line":1945,"column":null}},"463":{"start":{"line":1944,"column":2},"end":{"line":1944,"column":null}},"464":{"start":{"line":1946,"column":0},"end":{"line":1957,"column":null}},"465":{"start":{"line":1947,"column":2},"end":{"line":1956,"column":null}},"466":{"start":{"line":1958,"column":0},"end":{"line":1960,"column":null}},"467":{"start":{"line":1959,"column":2},"end":{"line":1959,"column":null}},"468":{"start":{"line":1961,"column":0},"end":{"line":1972,"column":null}},"469":{"start":{"line":1962,"column":2},"end":{"line":1971,"column":null}},"470":{"start":{"line":1973,"column":0},"end":{"line":1976,"column":null}},"471":{"start":{"line":1974,"column":2},"end":{"line":1974,"column":null}},"472":{"start":{"line":1975,"column":2},"end":{"line":1975,"column":null}}},"fnMap":{"0":{"name":"(anonymous_0)","decl":{"start":{"line":11,"column":22},"end":{"line":11,"column":23}},"loc":{"start":{"line":11,"column":43},"end":{"line":11,"column":159}}},"1":{"name":"(anonymous_1)","decl":{"start":{"line":12,"column":21},"end":{"line":12,"column":22}},"loc":{"start":{"line":12,"column":32},"end":{"line":22,"column":1}}},"2":{"name":"(anonymous_2)","decl":{"start":{"line":23,"column":17},"end":{"line":23,"column":18}},"loc":{"start":{"line":23,"column":30},"end":{"line":25,"column":1}}},"3":{"name":"__require","decl":{"start":{"line":23,"column":39},"end":{"line":23,"column":48}},"loc":{"start":{"line":23,"column":51},"end":{"line":25,"column":1}}},"4":{"name":"(anonymous_4)","decl":{"start":{"line":26,"column":18},"end":{"line":26,"column":19}},"loc":{"start":{"line":26,"column":46},"end":{"line":33,"column":1}}},"5":{"name":"(anonymous_5)","decl":{"start":{"line":30,"column":34},"end":{"line":30,"column":35}},"loc":{"start":{"line":30,"column":40},"end":{"line":30,"column":49}}},"6":{"name":"(anonymous_6)","decl":{"start":{"line":34,"column":14},"end":{"line":34,"column":15}},"loc":{"start":{"line":34,"column":44},"end":{"line":41,"column":1}}},"7":{"name":"(anonymous_7)","decl":{"start":{"line":42,"column":14},"end":{"line":42,"column":15}},"loc":{"start":{"line":42,"column":50},"end":{"line":61,"column":1}}},"8":{"name":"(anonymous_8)","decl":{"start":{"line":43,"column":21},"end":{"line":43,"column":22}},"loc":{"start":{"line":43,"column":42},"end":{"line":60,"column":3}}},"9":{"name":"(anonymous_9)","decl":{"start":{"line":44,"column":20},"end":{"line":44,"column":21}},"loc":{"start":{"line":44,"column":31},"end":{"line":50,"column":5}}},"10":{"name":"(anonymous_10)","decl":{"start":{"line":51,"column":19},"end":{"line":51,"column":20}},"loc":{"start":{"line":51,"column":30},"end":{"line":57,"column":5}}},"11":{"name":"(anonymous_11)","decl":{"start":{"line":58,"column":15},"end":{"line":58,"column":16}},"loc":{"start":{"line":58,"column":23},"end":{"line":58,"column":104}}},"12":{"name":"(anonymous_12)","decl":{"start":{"line":65,"column":2},"end":{"line":65,"column":3}},"loc":{"start":{"line":65,"column":56},"end":{"line":121,"column":null}}},"13":{"name":"(anonymous_13)","decl":{"start":{"line":67,"column":5},"end":{"line":67,"column":13}},"loc":{"start":{"line":67,"column":16},"end":{"line":120,"column":5}}},"14":{"name":"classNames","decl":{"start":{"line":70,"column":15},"end":{"line":70,"column":25}},"loc":{"start":{"line":70,"column":28},"end":{"line":79,"column":null}}},"15":{"name":"parseValue","decl":{"start":{"line":80,"column":15},"end":{"line":80,"column":25}},"loc":{"start":{"line":80,"column":31},"end":{"line":100,"column":null}}},"16":{"name":"appendClass","decl":{"start":{"line":101,"column":15},"end":{"line":101,"column":26}},"loc":{"start":{"line":101,"column":44},"end":{"line":109,"column":null}}},"17":{"name":"(anonymous_17)","decl":{"start":{"line":114,"column":33},"end":{"line":114,"column":41}},"loc":{"start":{"line":114,"column":44},"end":{"line":116,"column":9}}},"18":{"name":"(anonymous_18)","decl":{"start":{"line":126,"column":8},"end":{"line":126,"column":9}},"loc":{"start":{"line":126,"column":15},"end":{"line":128,"column":1}}},"19":{"name":"(anonymous_19)","decl":{"start":{"line":129,"column":9},"end":{"line":129,"column":10}},"loc":{"start":{"line":129,"column":22},"end":{"line":129,"column":118}}},"20":{"name":"(anonymous_20)","decl":{"start":{"line":130,"column":8},"end":{"line":130,"column":9}},"loc":{"start":{"line":130,"column":21},"end":{"line":130,"column":64}}},"21":{"name":"(anonymous_21)","decl":{"start":{"line":131,"column":8},"end":{"line":131,"column":9}},"loc":{"start":{"line":131,"column":21},"end":{"line":131,"column":49}}},"22":{"name":"(anonymous_22)","decl":{"start":{"line":132,"column":8},"end":{"line":132,"column":9}},"loc":{"start":{"line":132,"column":22},"end":{"line":132,"column":82}}},"23":{"name":"(anonymous_23)","decl":{"start":{"line":133,"column":8},"end":{"line":133,"column":9}},"loc":{"start":{"line":133,"column":21},"end":{"line":133,"column":134}}},"24":{"name":"(anonymous_24)","decl":{"start":{"line":134,"column":8},"end":{"line":134,"column":9}},"loc":{"start":{"line":134,"column":25},"end":{"line":134,"column":93}}},"25":{"name":"(anonymous_25)","decl":{"start":{"line":135,"column":8},"end":{"line":135,"column":9}},"loc":{"start":{"line":135,"column":25},"end":{"line":142,"column":1}}},"26":{"name":"(anonymous_26)","decl":{"start":{"line":136,"column":2},"end":{"line":136,"column":5}},"loc":{"start":{"line":136,"column":11},"end":{"line":138,"column":3}}},"27":{"name":"(anonymous_27)","decl":{"start":{"line":139,"column":2},"end":{"line":139,"column":5}},"loc":{"start":{"line":139,"column":10},"end":{"line":141,"column":null}}},"28":{"name":"(anonymous_28)","decl":{"start":{"line":144,"column":2},"end":{"line":144,"column":13}},"loc":{"start":{"line":144,"column":17},"end":{"line":148,"column":null}}},"29":{"name":"(anonymous_29)","decl":{"start":{"line":154,"column":2},"end":{"line":154,"column":13}},"loc":{"start":{"line":154,"column":16},"end":{"line":159,"column":null}}},"30":{"name":"(anonymous_30)","decl":{"start":{"line":160,"column":2},"end":{"line":160,"column":9}},"loc":{"start":{"line":160,"column":13},"end":{"line":163,"column":null}}},"31":{"name":"(anonymous_31)","decl":{"start":{"line":164,"column":2},"end":{"line":164,"column":9}},"loc":{"start":{"line":164,"column":12},"end":{"line":168,"column":null}}},"32":{"name":"(anonymous_32)","decl":{"start":{"line":169,"column":2},"end":{"line":169,"column":6}},"loc":{"start":{"line":169,"column":9},"end":{"line":172,"column":null}}},"33":{"name":"(anonymous_33)","decl":{"start":{"line":173,"column":2},"end":{"line":173,"column":7}},"loc":{"start":{"line":173,"column":10},"end":{"line":175,"column":null}}},"34":{"name":"(anonymous_34)","decl":{"start":{"line":176,"column":2},"end":{"line":176,"column":5}},"loc":{"start":{"line":176,"column":13},"end":{"line":178,"column":null}}},"35":{"name":"(anonymous_35)","decl":{"start":{"line":179,"column":2},"end":{"line":179,"column":3}},"loc":{"start":{"line":179,"column":23},"end":{"line":183,"column":null}}},"36":{"name":"(anonymous_36)","decl":{"start":{"line":184,"column":2},"end":{"line":184,"column":3}},"loc":{"start":{"line":184,"column":11},"end":{"line":188,"column":null}}},"37":{"name":"k","decl":{"start":{"line":191,"column":9},"end":{"line":191,"column":10}},"loc":{"start":{"line":191,"column":14},"end":{"line":240,"column":null}}},"38":{"name":"(anonymous_38)","decl":{"start":{"line":193,"column":30},"end":{"line":193,"column":31}},"loc":{"start":{"line":193,"column":36},"end":{"line":195,"column":3}}},"39":{"name":"(anonymous_39)","decl":{"start":{"line":195,"column":9},"end":{"line":195,"column":10}},"loc":{"start":{"line":195,"column":15},"end":{"line":197,"column":3}}},"40":{"name":"(anonymous_40)","decl":{"start":{"line":197,"column":9},"end":{"line":197,"column":10}},"loc":{"start":{"line":197,"column":22},"end":{"line":207,"column":4}}},"41":{"name":"(anonymous_41)","decl":{"start":{"line":197,"column":42},"end":{"line":197,"column":50}},"loc":{"start":{"line":197,"column":55},"end":{"line":207,"column":3}}},"42":{"name":"(anonymous_42)","decl":{"start":{"line":198,"column":13},"end":{"line":198,"column":14}},"loc":{"start":{"line":198,"column":19},"end":{"line":200,"column":6}}},"43":{"name":"(anonymous_43)","decl":{"start":{"line":198,"column":39},"end":{"line":198,"column":47}},"loc":{"start":{"line":198,"column":52},"end":{"line":200,"column":5}}},"44":{"name":"(anonymous_44)","decl":{"start":{"line":207,"column":10},"end":{"line":207,"column":11}},"loc":{"start":{"line":207,"column":23},"end":{"line":215,"column":3}}},"45":{"name":"(anonymous_45)","decl":{"start":{"line":208,"column":16},"end":{"line":208,"column":17}},"loc":{"start":{"line":208,"column":23},"end":{"line":210,"column":5}}},"46":{"name":"(anonymous_46)","decl":{"start":{"line":212,"column":8},"end":{"line":212,"column":9}},"loc":{"start":{"line":212,"column":14},"end":{"line":214,"column":6}}},"47":{"name":"(anonymous_47)","decl":{"start":{"line":212,"column":34},"end":{"line":212,"column":42}},"loc":{"start":{"line":212,"column":47},"end":{"line":214,"column":5}}},"48":{"name":"(anonymous_48)","decl":{"start":{"line":215,"column":9},"end":{"line":215,"column":10}},"loc":{"start":{"line":215,"column":22},"end":{"line":217,"column":4}}},"49":{"name":"(anonymous_49)","decl":{"start":{"line":215,"column":34},"end":{"line":215,"column":35}},"loc":{"start":{"line":215,"column":41},"end":{"line":217,"column":3}}},"50":{"name":"(anonymous_50)","decl":{"start":{"line":220,"column":11},"end":{"line":220,"column":12}},"loc":{"start":{"line":220,"column":17},"end":{"line":220,"column":null}}},"51":{"name":"(anonymous_51)","decl":{"start":{"line":223,"column":11},"end":{"line":223,"column":12}},"loc":{"start":{"line":223,"column":17},"end":{"line":223,"column":null}}},"52":{"name":"(anonymous_52)","decl":{"start":{"line":226,"column":6},"end":{"line":226,"column":11}},"loc":{"start":{"line":226,"column":14},"end":{"line":228,"column":null}}},"53":{"name":"(anonymous_53)","decl":{"start":{"line":231,"column":11},"end":{"line":231,"column":12}},"loc":{"start":{"line":231,"column":17},"end":{"line":231,"column":18}}},"54":{"name":"(anonymous_54)","decl":{"start":{"line":232,"column":6},"end":{"line":232,"column":9}},"loc":{"start":{"line":232,"column":13},"end":{"line":237,"column":null}}},"55":{"name":"(anonymous_55)","decl":{"start":{"line":233,"column":36},"end":{"line":233,"column":37}},"loc":{"start":{"line":233,"column":42},"end":{"line":236,"column":9}}},"56":{"name":"C","decl":{"start":{"line":241,"column":9},"end":{"line":241,"column":10}},"loc":{"start":{"line":241,"column":14},"end":{"line":244,"column":null}}},"57":{"name":"(anonymous_57)","decl":{"start":{"line":1276,"column":22},"end":{"line":1276,"column":23}},"loc":{"start":{"line":1276,"column":28},"end":{"line":1277,"column":1}}},"58":{"name":"(anonymous_58)","decl":{"start":{"line":1278,"column":8},"end":{"line":1278,"column":9}},"loc":{"start":{"line":1278,"column":18},"end":{"line":1286,"column":1}}},"59":{"name":"(anonymous_59)","decl":{"start":{"line":1287,"column":8},"end":{"line":1287,"column":9}},"loc":{"start":{"line":1287,"column":18},"end":{"line":1300,"column":1}}},"60":{"name":"(anonymous_60)","decl":{"start":{"line":1346,"column":10},"end":{"line":1346,"column":11}},"loc":{"start":{"line":1346,"column":16},"end":{"line":1352,"column":1}}},"61":{"name":"(anonymous_61)","decl":{"start":{"line":1353,"column":8},"end":{"line":1353,"column":9}},"loc":{"start":{"line":1353,"column":15},"end":{"line":1353,"column":22}}},"62":{"name":"(anonymous_62)","decl":{"start":{"line":1354,"column":8},"end":{"line":1354,"column":9}},"loc":{"start":{"line":1354,"column":21},"end":{"line":1354,"column":129}}},"63":{"name":"(anonymous_63)","decl":{"start":{"line":1358,"column":180},"end":{"line":1358,"column":181}},"loc":{"start":{"line":1358,"column":186},"end":{"line":1360,"column":1}}},"64":{"name":"(anonymous_64)","decl":{"start":{"line":1363,"column":8},"end":{"line":1363,"column":9}},"loc":{"start":{"line":1363,"column":15},"end":{"line":1363,"column":80}}},"65":{"name":"(anonymous_65)","decl":{"start":{"line":1364,"column":9},"end":{"line":1364,"column":10}},"loc":{"start":{"line":1366,"column":2},"end":{"line":1367,"column":null}}},"66":{"name":"(anonymous_66)","decl":{"start":{"line":1366,"column":44},"end":{"line":1366,"column":45}},"loc":{"start":{"line":1366,"column":50},"end":{"line":1367,"column":4}}},"67":{"name":"(anonymous_67)","decl":{"start":{"line":1366,"column":70},"end":{"line":1366,"column":78}},"loc":{"start":{"line":1366,"column":83},"end":{"line":1367,"column":3}}},"68":{"name":"(anonymous_68)","decl":{"start":{"line":1369,"column":9},"end":{"line":1369,"column":10}},"loc":{"start":{"line":1369,"column":16},"end":{"line":1386,"column":1}}},"69":{"name":"(anonymous_69)","decl":{"start":{"line":1387,"column":8},"end":{"line":1387,"column":9}},"loc":{"start":{"line":1387,"column":15},"end":{"line":1391,"column":1}}},"70":{"name":"(anonymous_70)","decl":{"start":{"line":1390,"column":18},"end":{"line":1390,"column":19}},"loc":{"start":{"line":1390,"column":28},"end":{"line":1390,"column":33}}},"71":{"name":"(anonymous_71)","decl":{"start":{"line":1392,"column":9},"end":{"line":1392,"column":10}},"loc":{"start":{"line":1392,"column":26},"end":{"line":1392,"column":90}}},"72":{"name":"(anonymous_72)","decl":{"start":{"line":1392,"column":35},"end":{"line":1392,"column":36}},"loc":{"start":{"line":1392,"column":45},"end":{"line":1392,"column":64}}},"73":{"name":"(anonymous_73)","decl":{"start":{"line":1393,"column":8},"end":{"line":1393,"column":9}},"loc":{"start":{"line":1393,"column":18},"end":{"line":1408,"column":1}}},"74":{"name":"(anonymous_74)","decl":{"start":{"line":1409,"column":9},"end":{"line":1409,"column":10}},"loc":{"start":{"line":1409,"column":16},"end":{"line":1409,"column":25}}},"75":{"name":"(anonymous_75)","decl":{"start":{"line":1410,"column":9},"end":{"line":1410,"column":10}},"loc":{"start":{"line":1410,"column":16},"end":{"line":1410,"column":43}}},"76":{"name":"(anonymous_76)","decl":{"start":{"line":1410,"column":26},"end":{"line":1410,"column":27}},"loc":{"start":{"line":1410,"column":36},"end":{"line":1410,"column":41}}},"77":{"name":"(anonymous_77)","decl":{"start":{"line":1411,"column":8},"end":{"line":1411,"column":9}},"loc":{"start":{"line":1411,"column":28},"end":{"line":1416,"column":1}}},"78":{"name":"(anonymous_78)","decl":{"start":{"line":1417,"column":8},"end":{"line":1417,"column":9}},"loc":{"start":{"line":1417,"column":15},"end":{"line":1441,"column":1}}},"79":{"name":"(anonymous_79)","decl":{"start":{"line":1442,"column":8},"end":{"line":1442,"column":9}},"loc":{"start":{"line":1442,"column":18},"end":{"line":1445,"column":1}}},"80":{"name":"(anonymous_80)","decl":{"start":{"line":1447,"column":2},"end":{"line":1447,"column":13}},"loc":{"start":{"line":1447,"column":31},"end":{"line":1451,"column":null}}},"81":{"name":"(anonymous_81)","decl":{"start":{"line":1452,"column":2},"end":{"line":1452,"column":18}},"loc":{"start":{"line":1452,"column":28},"end":{"line":1454,"column":null}}},"82":{"name":"(anonymous_82)","decl":{"start":{"line":1455,"column":2},"end":{"line":1455,"column":21}},"loc":{"start":{"line":1455,"column":31},"end":{"line":1457,"column":null}}},"83":{"name":"(anonymous_83)","decl":{"start":{"line":1462,"column":2},"end":{"line":1462,"column":7}},"loc":{"start":{"line":1462,"column":10},"end":{"line":1464,"column":null}}},"84":{"name":"(anonymous_84)","decl":{"start":{"line":1470,"column":2},"end":{"line":1470,"column":5}},"loc":{"start":{"line":1470,"column":8},"end":{"line":1485,"column":null}}},"85":{"name":"(anonymous_85)","decl":{"start":{"line":1471,"column":31},"end":{"line":1471,"column":39}},"loc":{"start":{"line":1471,"column":44},"end":{"line":1484,"column":5}}},"86":{"name":"(anonymous_86)","decl":{"start":{"line":1491,"column":2},"end":{"line":1491,"column":9}},"loc":{"start":{"line":1491,"column":12},"end":{"line":1515,"column":null}}},"87":{"name":"(anonymous_87)","decl":{"start":{"line":1520,"column":2},"end":{"line":1520,"column":8}},"loc":{"start":{"line":1520,"column":11},"end":{"line":1535,"column":null}}},"88":{"name":"(anonymous_88)","decl":{"start":{"line":1521,"column":31},"end":{"line":1521,"column":39}},"loc":{"start":{"line":1521,"column":44},"end":{"line":1534,"column":5}}},"89":{"name":"(anonymous_89)","decl":{"start":{"line":1540,"column":2},"end":{"line":1540,"column":12}},"loc":{"start":{"line":1540,"column":15},"end":{"line":1561,"column":null}}},"90":{"name":"(anonymous_90)","decl":{"start":{"line":1562,"column":2},"end":{"line":1562,"column":11}},"loc":{"start":{"line":1562,"column":21},"end":{"line":1603,"column":null}}},"91":{"name":"(anonymous_91)","decl":{"start":{"line":1563,"column":31},"end":{"line":1563,"column":39}},"loc":{"start":{"line":1563,"column":44},"end":{"line":1602,"column":5}}},"92":{"name":"(anonymous_92)","decl":{"start":{"line":1571,"column":29},"end":{"line":1571,"column":30}},"loc":{"start":{"line":1571,"column":35},"end":{"line":1582,"column":8}}},"93":{"name":"(anonymous_93)","decl":{"start":{"line":1571,"column":55},"end":{"line":1571,"column":63}},"loc":{"start":{"line":1571,"column":68},"end":{"line":1582,"column":7}}},"94":{"name":"(anonymous_94)","decl":{"start":{"line":1604,"column":2},"end":{"line":1604,"column":15}},"loc":{"start":{"line":1604,"column":25},"end":{"line":1656,"column":null}}},"95":{"name":"(anonymous_95)","decl":{"start":{"line":1615,"column":27},"end":{"line":1615,"column":28}},"loc":{"start":{"line":1615,"column":33},"end":{"line":1634,"column":5}}},"96":{"name":"(anonymous_96)","decl":{"start":{"line":1661,"column":2},"end":{"line":1661,"column":17}},"loc":{"start":{"line":1661,"column":21},"end":{"line":1663,"column":null}}},"97":{"name":"(anonymous_97)","decl":{"start":{"line":1664,"column":2},"end":{"line":1664,"column":12}},"loc":{"start":{"line":1664,"column":16},"end":{"line":1667,"column":null}}},"98":{"name":"(anonymous_98)","decl":{"start":{"line":1668,"column":2},"end":{"line":1668,"column":18}},"loc":{"start":{"line":1671,"column":5},"end":{"line":1710,"column":null}}},"99":{"name":"(anonymous_99)","decl":{"start":{"line":1675,"column":23},"end":{"line":1675,"column":24}},"loc":{"start":{"line":1675,"column":33},"end":{"line":1675,"column":38}}},"100":{"name":"(anonymous_100)","decl":{"start":{"line":1676,"column":15},"end":{"line":1676,"column":16}},"loc":{"start":{"line":1676,"column":25},"end":{"line":1676,"column":30}}},"101":{"name":"(anonymous_101)","decl":{"start":{"line":1678,"column":8},"end":{"line":1678,"column":9}},"loc":{"start":{"line":1678,"column":15},"end":{"line":1678,"column":null}}},"102":{"name":"(anonymous_102)","decl":{"start":{"line":1679,"column":13},"end":{"line":1679,"column":14}},"loc":{"start":{"line":1679,"column":23},"end":{"line":1679,"column":28}}},"103":{"name":"(anonymous_103)","decl":{"start":{"line":1713,"column":2},"end":{"line":1713,"column":13}},"loc":{"start":{"line":1713,"column":22},"end":{"line":1735,"column":null}}},"104":{"name":"(anonymous_104)","decl":{"start":{"line":1730,"column":6},"end":{"line":1730,"column":7}},"loc":{"start":{"line":1730,"column":12},"end":{"line":1732,"column":7}}},"105":{"name":"(anonymous_105)","decl":{"start":{"line":1740,"column":2},"end":{"line":1740,"column":5}},"loc":{"start":{"line":1740,"column":16},"end":{"line":1742,"column":null}}},"106":{"name":"(anonymous_106)","decl":{"start":{"line":1741,"column":41},"end":{"line":1741,"column":42}},"loc":{"start":{"line":1741,"column":48},"end":{"line":1741,"column":56}}},"107":{"name":"(anonymous_107)","decl":{"start":{"line":1747,"column":2},"end":{"line":1747,"column":5}},"loc":{"start":{"line":1747,"column":14},"end":{"line":1749,"column":null}}},"108":{"name":"(anonymous_108)","decl":{"start":{"line":1758,"column":2},"end":{"line":1758,"column":5}},"loc":{"start":{"line":1758,"column":20},"end":{"line":1766,"column":null}}},"109":{"name":"(anonymous_109)","decl":{"start":{"line":1767,"column":2},"end":{"line":1767,"column":18}},"loc":{"start":{"line":1767,"column":28},"end":{"line":1769,"column":null}}},"110":{"name":"(anonymous_110)","decl":{"start":{"line":1775,"column":2},"end":{"line":1775,"column":9}},"loc":{"start":{"line":1775,"column":13},"end":{"line":1777,"column":null}}},"111":{"name":"(anonymous_111)","decl":{"start":{"line":1783,"column":2},"end":{"line":1783,"column":8}},"loc":{"start":{"line":1783,"column":12},"end":{"line":1786,"column":null}}},"112":{"name":"(anonymous_112)","decl":{"start":{"line":1787,"column":2},"end":{"line":1787,"column":21}},"loc":{"start":{"line":1787,"column":31},"end":{"line":1789,"column":null}}},"113":{"name":"(anonymous_113)","decl":{"start":{"line":1793,"column":2},"end":{"line":1793,"column":7}},"loc":{"start":{"line":1793,"column":10},"end":{"line":1797,"column":null}}},"114":{"name":"(anonymous_114)","decl":{"start":{"line":1802,"column":2},"end":{"line":1802,"column":5}},"loc":{"start":{"line":1802,"column":8},"end":{"line":1816,"column":null}}},"115":{"name":"(anonymous_115)","decl":{"start":{"line":1803,"column":31},"end":{"line":1803,"column":39}},"loc":{"start":{"line":1803,"column":44},"end":{"line":1815,"column":5}}},"116":{"name":"(anonymous_116)","decl":{"start":{"line":1821,"column":2},"end":{"line":1821,"column":9}},"loc":{"start":{"line":1821,"column":12},"end":{"line":1831,"column":null}}},"117":{"name":"(anonymous_117)","decl":{"start":{"line":1837,"column":2},"end":{"line":1837,"column":7}},"loc":{"start":{"line":1837,"column":11},"end":{"line":1859,"column":null}}},"118":{"name":"(anonymous_118)","decl":{"start":{"line":1838,"column":26},"end":{"line":1838,"column":27}},"loc":{"start":{"line":1838,"column":33},"end":{"line":1858,"column":5}}},"119":{"name":"(anonymous_119)","decl":{"start":{"line":1863,"column":2},"end":{"line":1863,"column":13}},"loc":{"start":{"line":1863,"column":16},"end":{"line":1874,"column":null}}},"120":{"name":"(anonymous_120)","decl":{"start":{"line":1864,"column":31},"end":{"line":1864,"column":39}},"loc":{"start":{"line":1864,"column":44},"end":{"line":1873,"column":5}}},"121":{"name":"(anonymous_121)","decl":{"start":{"line":1878,"column":2},"end":{"line":1878,"column":17}},"loc":{"start":{"line":1878,"column":20},"end":{"line":1882,"column":null}}},"122":{"name":"(anonymous_122)","decl":{"start":{"line":1887,"column":11},"end":{"line":1887,"column":12}},"loc":{"start":{"line":1887,"column":22},"end":{"line":1893,"column":1}}},"123":{"name":"getClassNames","decl":{"start":{"line":1894,"column":9},"end":{"line":1894,"column":22}},"loc":{"start":{"line":1894,"column":37},"end":{"line":1916,"column":null}}},"124":{"name":"(anonymous_124)","decl":{"start":{"line":1918,"column":2},"end":{"line":1918,"column":13}},"loc":{"start":{"line":1918,"column":23},"end":{"line":1920,"column":null}}},"125":{"name":"(anonymous_125)","decl":{"start":{"line":1921,"column":2},"end":{"line":1921,"column":8}},"loc":{"start":{"line":1921,"column":18},"end":{"line":1928,"column":null}}},"126":{"name":"classy","decl":{"start":{"line":1931,"column":9},"end":{"line":1931,"column":15}},"loc":{"start":{"line":1931,"column":25},"end":{"line":1933,"column":null}}},"127":{"name":"(anonymous_127)","decl":{"start":{"line":1934,"column":13},"end":{"line":1934,"column":21}},"loc":{"start":{"line":1934,"column":27},"end":{"line":1937,"column":1}}},"128":{"name":"(anonymous_128)","decl":{"start":{"line":1936,"column":9},"end":{"line":1936,"column":10}},"loc":{"start":{"line":1936,"column":22},"end":{"line":1936,"column":46}}},"129":{"name":"(anonymous_129)","decl":{"start":{"line":1943,"column":30},"end":{"line":1943,"column":31}},"loc":{"start":{"line":1943,"column":36},"end":{"line":1945,"column":1}}},"130":{"name":"(anonymous_130)","decl":{"start":{"line":1946,"column":30},"end":{"line":1946,"column":31}},"loc":{"start":{"line":1946,"column":36},"end":{"line":1957,"column":1}}},"131":{"name":"(anonymous_131)","decl":{"start":{"line":1958,"column":34},"end":{"line":1958,"column":35}},"loc":{"start":{"line":1958,"column":40},"end":{"line":1960,"column":1}}},"132":{"name":"(anonymous_132)","decl":{"start":{"line":1961,"column":34},"end":{"line":1961,"column":35}},"loc":{"start":{"line":1961,"column":40},"end":{"line":1972,"column":1}}},"133":{"name":"(anonymous_133)","decl":{"start":{"line":1973,"column":17},"end":{"line":1973,"column":18}},"loc":{"start":{"line":1973,"column":23},"end":{"line":1976,"column":1}}}},"branchMap":{"0":{"loc":{"start":{"line":11,"column":43},"end":{"line":11,"column":159}},"type":"cond-expr","locations":[{"start":{"line":11,"column":56},"end":{"line":11,"column":140}},{"start":{"line":11,"column":143},"end":{"line":11,"column":159}}]},"1":{"loc":{"start":{"line":13,"column":19},"end":{"line":13,"column":34}},"type":"binary-expr","locations":[{"start":{"line":13,"column":19},"end":{"line":13,"column":21}},{"start":{"line":13,"column":26},"end":{"line":13,"column":33}}]},"2":{"loc":{"start":{"line":14,"column":4},"end":{"line":15,"column":null}},"type":"if","locations":[{"start":{"line":14,"column":4},"end":{"line":15,"column":null}},{"start":{},"end":{}}]},"3":{"loc":{"start":{"line":16,"column":2},"end":{"line":20,"column":null}},"type":"if","locations":[{"start":{"line":16,"column":2},"end":{"line":20,"column":null}},{"start":{},"end":{}}]},"4":{"loc":{"start":{"line":18,"column":6},"end":{"line":19,"column":null}},"type":"if","locations":[{"start":{"line":18,"column":6},"end":{"line":19,"column":null}},{"start":{},"end":{}}]},"5":{"loc":{"start":{"line":24,"column":9},"end":{"line":24,"column":87}},"type":"binary-expr","locations":[{"start":{"line":24,"column":9},"end":{"line":24,"column":12}},{"start":{"line":24,"column":16},"end":{"line":24,"column":87}}]},"6":{"loc":{"start":{"line":27,"column":2},"end":{"line":31,"column":null}},"type":"if","locations":[{"start":{"line":27,"column":2},"end":{"line":31,"column":null}},{"start":{},"end":{}}]},"7":{"loc":{"start":{"line":27,"column":6},"end":{"line":27,"column":68}},"type":"binary-expr","locations":[{"start":{"line":27,"column":6},"end":{"line":27,"column":10}},{"start":{"line":27,"column":14},"end":{"line":27,"column":38}},{"start":{"line":27,"column":42},"end":{"line":27,"column":68}}]},"8":{"loc":{"start":{"line":29,"column":6},"end":{"line":30,"column":null}},"type":"if","locations":[{"start":{"line":29,"column":6},"end":{"line":30,"column":null}},{"start":{},"end":{}}]},"9":{"loc":{"start":{"line":29,"column":10},"end":{"line":29,"column":55}},"type":"binary-expr","locations":[{"start":{"line":29,"column":10},"end":{"line":29,"column":37}},{"start":{"line":29,"column":41},"end":{"line":29,"column":55}}]},"10":{"loc":{"start":{"line":30,"column":63},"end":{"line":30,"column":119}},"type":"binary-expr","locations":[{"start":{"line":30,"column":63},"end":{"line":30,"column":100}},{"start":{"line":30,"column":104},"end":{"line":30,"column":119}}]},"11":{"loc":{"start":{"line":34,"column":53},"end":{"line":34,"column":99}},"type":"cond-expr","locations":[{"start":{"line":34,"column":67},"end":{"line":34,"column":94}},{"start":{"line":34,"column":97},"end":{"line":34,"column":99}}]},"12":{"loc":{"start":{"line":39,"column":2},"end":{"line":39,"column":113}},"type":"cond-expr","locations":[{"start":{"line":39,"column":42},"end":{"line":39,"column":104}},{"start":{"line":39,"column":107},"end":{"line":39,"column":113}}]},"13":{"loc":{"start":{"line":39,"column":2},"end":{"line":39,"column":39}},"type":"binary-expr","locations":[{"start":{"line":39,"column":2},"end":{"line":39,"column":12}},{"start":{"line":39,"column":16},"end":{"line":39,"column":20}},{"start":{"line":39,"column":24},"end":{"line":39,"column":39}}]},"14":{"loc":{"start":{"line":58,"column":23},"end":{"line":58,"column":104}},"type":"cond-expr","locations":[{"start":{"line":58,"column":33},"end":{"line":58,"column":50}},{"start":{"line":58,"column":53},"end":{"line":58,"column":104}}]},"15":{"loc":{"start":{"line":74,"column":10},"end":{"line":76,"column":null}},"type":"if","locations":[{"start":{"line":74,"column":10},"end":{"line":76,"column":null}},{"start":{},"end":{}}]},"16":{"loc":{"start":{"line":81,"column":8},"end":{"line":83,"column":null}},"type":"if","locations":[{"start":{"line":81,"column":8},"end":{"line":83,"column":null}},{"start":{},"end":{}}]},"17":{"loc":{"start":{"line":81,"column":12},"end":{"line":81,"column":62}},"type":"binary-expr","locations":[{"start":{"line":81,"column":12},"end":{"line":81,"column":35}},{"start":{"line":81,"column":39},"end":{"line":81,"column":62}}]},"18":{"loc":{"start":{"line":84,"column":8},"end":{"line":86,"column":null}},"type":"if","locations":[{"start":{"line":84,"column":8},"end":{"line":86,"column":null}},{"start":{},"end":{}}]},"19":{"loc":{"start":{"line":87,"column":8},"end":{"line":89,"column":null}},"type":"if","locations":[{"start":{"line":87,"column":8},"end":{"line":89,"column":null}},{"start":{},"end":{}}]},"20":{"loc":{"start":{"line":90,"column":8},"end":{"line":92,"column":null}},"type":"if","locations":[{"start":{"line":90,"column":8},"end":{"line":92,"column":null}},{"start":{},"end":{}}]},"21":{"loc":{"start":{"line":90,"column":12},"end":{"line":90,"column":108}},"type":"binary-expr","locations":[{"start":{"line":90,"column":12},"end":{"line":90,"column":54}},{"start":{"line":90,"column":58},"end":{"line":90,"column":108}}]},"22":{"loc":{"start":{"line":95,"column":10},"end":{"line":97,"column":null}},"type":"if","locations":[{"start":{"line":95,"column":10},"end":{"line":97,"column":null}},{"start":{},"end":{}}]},"23":{"loc":{"start":{"line":95,"column":14},"end":{"line":95,"column":47}},"type":"binary-expr","locations":[{"start":{"line":95,"column":14},"end":{"line":95,"column":35}},{"start":{"line":95,"column":39},"end":{"line":95,"column":47}}]},"24":{"loc":{"start":{"line":102,"column":8},"end":{"line":104,"column":null}},"type":"if","locations":[{"start":{"line":102,"column":8},"end":{"line":104,"column":null}},{"start":{},"end":{}}]},"25":{"loc":{"start":{"line":105,"column":8},"end":{"line":107,"column":null}},"type":"if","locations":[{"start":{"line":105,"column":8},"end":{"line":107,"column":null}},{"start":{},"end":{}}]},"26":{"loc":{"start":{"line":110,"column":6},"end":{"line":119,"column":null}},"type":"if","locations":[{"start":{"line":110,"column":6},"end":{"line":119,"column":null}},{"start":{"line":113,"column":13},"end":{"line":119,"column":null}}]},"27":{"loc":{"start":{"line":110,"column":10},"end":{"line":110,"column":59}},"type":"binary-expr","locations":[{"start":{"line":110,"column":10},"end":{"line":110,"column":40}},{"start":{"line":110,"column":44},"end":{"line":110,"column":59}}]},"28":{"loc":{"start":{"line":113,"column":13},"end":{"line":119,"column":null}},"type":"if","locations":[{"start":{"line":113,"column":13},"end":{"line":119,"column":null}},{"start":{"line":117,"column":13},"end":{"line":119,"column":null}}]},"29":{"loc":{"start":{"line":113,"column":17},"end":{"line":113,"column":93}},"type":"binary-expr","locations":[{"start":{"line":113,"column":17},"end":{"line":113,"column":45}},{"start":{"line":113,"column":49},"end":{"line":113,"column":79}},{"start":{"line":113,"column":83},"end":{"line":113,"column":93}}]},"30":{"loc":{"start":{"line":129,"column":22},"end":{"line":129,"column":118}},"type":"cond-expr","locations":[{"start":{"line":129,"column":31},"end":{"line":129,"column":107}},{"start":{"line":129,"column":110},"end":{"line":129,"column":118}}]},"31":{"loc":{"start":{"line":130,"column":27},"end":{"line":130,"column":60}},"type":"cond-expr","locations":[{"start":{"line":130,"column":50},"end":{"line":130,"column":56}},{"start":{"line":130,"column":59},"end":{"line":130,"column":60}}]},"32":{"loc":{"start":{"line":131,"column":21},"end":{"line":131,"column":49}},"type":"binary-expr","locations":[{"start":{"line":131,"column":21},"end":{"line":131,"column":29}},{"start":{"line":131,"column":33},"end":{"line":131,"column":49}}]},"33":{"loc":{"start":{"line":132,"column":58},"end":{"line":132,"column":82}},"type":"cond-expr","locations":[{"start":{"line":132,"column":62},"end":{"line":132,"column":71}},{"start":{"line":132,"column":74},"end":{"line":132,"column":82}}]},"34":{"loc":{"start":{"line":133,"column":21},"end":{"line":133,"column":134}},"type":"cond-expr","locations":[{"start":{"line":133,"column":32},"end":{"line":133,"column":86}},{"start":{"line":133,"column":89},"end":{"line":133,"column":134}}]},"35":{"loc":{"start":{"line":133,"column":89},"end":{"line":133,"column":134}},"type":"cond-expr","locations":[{"start":{"line":133,"column":112},"end":{"line":133,"column":120}},{"start":{"line":133,"column":123},"end":{"line":133,"column":134}}]},"36":{"loc":{"start":{"line":134,"column":60},"end":{"line":134,"column":90}},"type":"cond-expr","locations":[{"start":{"line":134,"column":64},"end":{"line":134,"column":76}},{"start":{"line":134,"column":79},"end":{"line":134,"column":90}}]},"37":{"loc":{"start":{"line":162,"column":4},"end":{"line":162,"column":86}},"type":"cond-expr","locations":[{"start":{"line":162,"column":18},"end":{"line":162,"column":52}},{"start":{"line":162,"column":57},"end":{"line":162,"column":85}}]},"38":{"loc":{"start":{"line":166,"column":4},"end":{"line":167,"column":null}},"type":"if","locations":[{"start":{"line":166,"column":4},"end":{"line":167,"column":null}},{"start":{},"end":{}}]},"39":{"loc":{"start":{"line":170,"column":4},"end":{"line":171,"column":null}},"type":"if","locations":[{"start":{"line":170,"column":4},"end":{"line":171,"column":null}},{"start":{},"end":{}}]},"40":{"loc":{"start":{"line":194,"column":4},"end":{"line":194,"column":47}},"type":"binary-expr","locations":[{"start":{"line":194,"column":4},"end":{"line":194,"column":9}},{"start":{"line":194,"column":13},"end":{"line":194,"column":23}},{"start":{"line":194,"column":28},"end":{"line":194,"column":46}}]},"41":{"loc":{"start":{"line":213,"column":38},"end":{"line":213,"column":50}},"type":"binary-expr","locations":[{"start":{"line":213,"column":38},"end":{"line":213,"column":43}},{"start":{"line":213,"column":47},"end":{"line":213,"column":50}}]},"42":{"loc":{"start":{"line":234,"column":17},"end":{"line":234,"column":36}},"type":"binary-expr","locations":[{"start":{"line":234,"column":17},"end":{"line":234,"column":22}},{"start":{"line":234,"column":26},"end":{"line":234,"column":36}}]},"43":{"loc":{"start":{"line":242,"column":2},"end":{"line":243,"column":null}},"type":"if","locations":[{"start":{"line":242,"column":2},"end":{"line":243,"column":null}},{"start":{},"end":{}}]},"44":{"loc":{"start":{"line":242,"column":8},"end":{"line":242,"column":72}},"type":"binary-expr","locations":[{"start":{"line":242,"column":9},"end":{"line":242,"column":28}},{"start":{"line":242,"column":32},"end":{"line":242,"column":62}},{"start":{"line":242,"column":67},"end":{"line":242,"column":72}}]},"45":{"loc":{"start":{"line":1280,"column":9},"end":{"line":1285,"column":4}},"type":"binary-expr","locations":[{"start":{"line":1280,"column":9},"end":{"line":1280,"column":10}},{"start":{"line":1280,"column":14},"end":{"line":1285,"column":4}}]},"46":{"loc":{"start":{"line":1303,"column":9},"end":{"line":1303,"column":110}},"type":"binary-expr","locations":[{"start":{"line":1303,"column":9},"end":{"line":1303,"column":25}},{"start":{"line":1303,"column":29},"end":{"line":1303,"column":110}}]},"47":{"loc":{"start":{"line":1303,"column":32},"end":{"line":1303,"column":109}},"type":"binary-expr","locations":[{"start":{"line":1303,"column":32},"end":{"line":1303,"column":100}},{"start":{"line":1303,"column":104},"end":{"line":1303,"column":109}}]},"48":{"loc":{"start":{"line":1303,"column":37},"end":{"line":1303,"column":91}},"type":"cond-expr","locations":[{"start":{"line":1303,"column":72},"end":{"line":1303,"column":78}},{"start":{"line":1303,"column":81},"end":{"line":1303,"column":91}}]},"49":{"loc":{"start":{"line":1307,"column":10},"end":{"line":1307,"column":95}},"type":"cond-expr","locations":[{"start":{"line":1307,"column":80},"end":{"line":1307,"column":86}},{"start":{"line":1307,"column":89},"end":{"line":1307,"column":95}}]},"50":{"loc":{"start":{"line":1307,"column":15},"end":{"line":1307,"column":68}},"type":"cond-expr","locations":[{"start":{"line":1307,"column":50},"end":{"line":1307,"column":56}},{"start":{"line":1307,"column":59},"end":{"line":1307,"column":68}}]},"51":{"loc":{"start":{"line":1312,"column":3},"end":{"line":1312,"column":60}},"type":"cond-expr","locations":[{"start":{"line":1312,"column":40},"end":{"line":1312,"column":46}},{"start":{"line":1312,"column":49},"end":{"line":1312,"column":60}}]},"52":{"loc":{"start":{"line":1319,"column":12},"end":{"line":1319,"column":226}},"type":"binary-expr","locations":[{"start":{"line":1319,"column":12},"end":{"line":1319,"column":198}},{"start":{"line":1319,"column
[...]
{"start":{"line":1680,"column":6},"end":{"line":1681,"column":null}},{"start":{},"end":{}}]},"157":{"loc":{"start":{"line":1680,"column":10},"end":{"line":1680,"column":59}},"type":"binary-expr","locations":[{"start":{"line":1680,"column":10},"end":{"line":1680,"column":46}},{"start":{"line":1680,"column":50},"end":{"line":1680,"column":59}}]},"158":{"loc":{"start":{"line":1707,"column":4},"end":{"line":1708,"column":null}},"type":"if","locations":[{"start":{"line":1707,"column":4},"end":{"line":1708,"column":null}},{"start":{},"end":{}}]},"159":{"loc":{"start":{"line":1707,"column":8},"end":{"line":1707,"column":143}},"type":"binary-expr","locations":[{"start":{"line":1707,"column":8},"end":{"line":1707,"column":9}},{"start":{"line":1707,"column":14},"end":{"line":1707,"column":142}}]},"160":{"loc":{"start":{"line":1713,"column":14},"end":{"line":1713,"column":20}},"type":"default-arg","locations":[{"start":{"line":1713,"column":18},"end":{"line":1713,"column":20}}]},"161":{"loc":{"start":{"line":1728,"column":11},"end":{"line":1734,"column":5}},"type":"binary-expr","locations":[{"start":{"line":1728,"column":11},"end":{"line":1728,"column":27}},{"start":{"line":1728,"column":31},"end":{"line":1734,"column":5}}]},"162":{"loc":{"start":{"line":1758,"column":12},"end":{"line":1758,"column":18}},"type":"default-arg","locations":[{"start":{"line":1758,"column":16},"end":{"line":1758,"column":18}}]},"163":{"loc":{"start":{"line":1759,"column":4},"end":{"line":1760,"column":null}},"type":"if","locations":[{"start":{"line":1759,"column":4},"end":{"line":1760,"column":null}},{"start":{},"end":{}}]},"164":{"loc":{"start":{"line":1785,"column":11},"end":{"line":1785,"column":75}},"type":"binary-expr","locations":[{"start":{"line":1785,"column":11},"end":{"line":1785,"column":12}},{"start":{"line":1785,"column":17},"end":{"line":1785,"column":74}}]},"165":{"loc":{"start":{"line":1804,"column":6},"end":{"line":1804,"column":52}},"type":"binary-expr","locations":[{"start":{"line":1804,"column":6},"end":{"line":1804,"column":22}},{"start":{"line":1804,"column":27},"end":{"line":1804,"column":51}}]},"166":{"loc":{"start":{"line":1806,"column":6},"end":{"line":1813,"column":null}},"type":"if","locations":[{"start":{"line":1806,"column":6},"end":{"line":1813,"column":null}},{"start":{"line":1812,"column":8},"end":{"line":1813,"column":null}}]},"167":{"loc":{"start":{"line":1825,"column":7},"end":{"line":1825,"column":49}},"type":"binary-expr","locations":[{"start":{"line":1825,"column":7},"end":{"line":1825,"column":23}},{"start":{"line":1825,"column":27},"end":{"line":1825,"column":49}}]},"168":{"loc":{"start":{"line":1840,"column":6},"end":{"line":1856,"column":null}},"type":"if","locations":[{"start":{"line":1840,"column":6},"end":{"line":1856,"column":null}},{"start":{},"end":{}}]},"169":{"loc":{"start":{"line":1842,"column":15},"end":{"line":1855,"column":9}},"type":"cond-expr","locations":[{"start":{"line":1842,"column":19},"end":{"line":1846,"column":9}},{"start":{"line":1846,"column":12},"end":{"line":1855,"column":9}}]},"170":{"loc":{"start":{"line":1846,"column":12},"end":{"line":1855,"column":9}},"type":"cond-expr","locations":[{"start":{"line":1846,"column":54},"end":{"line":1846,"column":55}},{"start":{"line":1846,"column":58},"end":{"line":1855,"column":9}}]},"171":{"loc":{"start":{"line":1846,"column":17},"end":{"line":1846,"column":42}},"type":"cond-expr","locations":[{"start":{"line":1846,"column":29},"end":{"line":1846,"column":35}},{"start":{"line":1846,"column":38},"end":{"line":1846,"column":42}}]},"172":{"loc":{"start":{"line":1865,"column":6},"end":{"line":1872,"column":null}},"type":"if","locations":[{"start":{"line":1865,"column":6},"end":{"line":1872,"column":null}},{"start":{"line":1871,"column":8},"end":{"line":1872,"column":null}}]},"173":{"loc":{"start":{"line":1896,"column":2},"end":{"line":1898,"column":null}},"type":"if","locations":[{"start":{"line":1896,"column":2},"end":{"line":1898,"column":null}},{"start":{},"end":{}}]},"174":{"loc":{"start":{"line":1897,"column":12},"end":{"line":1897,"column":77}},"type":"cond-expr","locations":[{"start":{"line":1897,"column":69},"end":{"line":1897,"column":71}},{"start":{"line":1897,"column":74},"end":{"line":1897,"column":77}}]},"175":{"loc":{"start":{"line":1897,"column":18},"end":{"line":1897,"column":57}},"type":"cond-expr","locations":[{"start":{"line":1897,"column":36},"end":{"line":1897,"column":42}},{"start":{"line":1897,"column":45},"end":{"line":1897,"column":57}}]},"176":{"loc":{"start":{"line":1899,"column":2},"end":{"line":1905,"column":null}},"type":"if","locations":[{"start":{"line":1899,"column":2},"end":{"line":1905,"column":null}},{"start":{},"end":{}}]},"177":{"loc":{"start":{"line":1906,"column":2},"end":{"line":1914,"column":null}},"type":"if","locations":[{"start":{"line":1906,"column":2},"end":{"line":1914,"column":null}},{"start":{},"end":{}}]},"178":{"loc":{"start":{"line":1906,"column":6},"end":{"line":1906,"column":36}},"type":"binary-expr","locations":[{"start":{"line":1906,"column":6},"end":{"line":1906,"column":9}},{"start":{"line":1906,"column":13},"end":{"line":1906,"column":36}}]},"179":{"loc":{"start":{"line":1909,"column":6},"end":{"line":1911,"column":null}},"type":"if","locations":[{"start":{"line":1909,"column":6},"end":{"line":1911,"column":null}},{"start":{},"end":{}}]},"180":{"loc":{"start":{"line":1909,"column":10},"end":{"line":1909,"column":51}},"type":"binary-expr","locations":[{"start":{"line":1909,"column":10},"end":{"line":1909,"column":39}},{"start":{"line":1909,"column":43},"end":{"line":1909,"column":51}}]},"181":{"loc":{"start":{"line":1922,"column":4},"end":{"line":1922,"column":null}},"type":"if","locations":[{"start":{"line":1922,"column":4},"end":{"line":1922,"column":null}},{"start":{},"end":{}}]}},"s":{"0":0,"1":0,"2":0,"3":0,"4":0,"5":0,"6":0,"7":0,"8":0,"9":0,"10":0,"11":0,"12":0,"13":0,"14":0,"15":0,"16":0,"17":0,"18":0,"19":0,"20":0,"21":0,"22":0,"23":0,"24":0,"25":0,"26":0,"27":0,"28":0,"29":0,"30":0,"31":0,"32":0,"33":0,"34":0,"35":0,"36":0,"37":0,"38":0,"39":0,"40":0,"41":0,"42":0,"43":0,"44":0,"45":0,"46":0,"47":0,"48":0,"49":0,"50":0,"51":0,"52":0,"53":0,"54":0,"55":0,"56":0,"57":0,"58":0,"59":0,"60":0,"61":0,"62":0,"63":0,"64":0,"65":0,"66":0,"67":0,"68":0,"69":0,"70":0,"71":0,"72":0,"73":0,"74":0,"75":0,"76":0,"77":0,"78":0,"79":0,"80":0,"81":0,"82":0,"83":0,"84":0,"85":0,"86":0,"87":0,"88":0,"89":0,"90":0,"91":0,"92":0,"93":0,"94":0,"95":0,"96":0,"97":0,"98":0,"99":0,"100":0,"101":0,"102":0,"103":0,"104":0,"105":0,"106":0,"107":0,"108":0,"109":0,"110":0,"111":0,"112":0,"113":0,"114":0,"115":0,"116":0,"117":0,"118":0,"119":0,"120":0,"121":0,"122":0,"123":0,"124":0,"125":0,"126":0,"127":0,"128":0,"129":0,"130":0,"131":0,"132":0,"133":0,"134":0,"135":0,"136":0,"137":0,"138":0,"139":0,"140":0,"141":0,"142":0,"143":0,"144":0,"145":0,"146":0,"147":0,"148":0,"149":0,"150":0,"151":0,"152":0,"153":0,"154":0,"155":0,"156":0,"157":0,"158":0,"159":0,"160":0,"161":0,"162":0,"163":0,"164":0,"165":0,"166":0,"167":0,"168":0,"169":0,"170":0,"171":0,"172":0,"173":0,"174":0,"175":0,"176":0,"177":0,"178":0,"179":0,"180":0,"181":0,"182":0,"183":0,"184":0,"185":0,"186":0,"187":0,"188":0,"189":0,"190":0,"191":0,"192":0,"193":0,"194":0,"195":0,"196":0,"197":0,"198":0,"199":0,"200":0,"201":0,"202":0,"203":0,"204":0,"205":0,"206":0,"207":0,"208":0,"209":0,"210":0,"211":0,"212":0,"213":0,"214":0,"215":0,"216":0,"217":0,"218":0,"219":0,"220":0,"221":0,"222":0,"223":0,"224":0,"225":0,"226":0,"227":0,"228":0,"229":0,"230":0,"231":0,"232":0,"233":0,"234":0,"235":0,"236":0,"237":0,"238":0,"239":0,"240":0,"241":0,"242":0,"243":0,"244":0,"245":0,"246":0,"247":0,"248":0,"249":0,"250":0,"251":0,"252":0,"253":0,"254":0,"255":0,"256":0,"257":0,"258":0,"259":0,"260":0,"261":0,"262":0,"263":0,"264":0,"265":0,"266":0,"267":0,"268":0,"269":0,"270":0,"271":0,"272":0,"273":0,"274":0,"275":0,"276":0,"277":0,"278":0,"279":0,"280":0,"281":0,"282":0,"283":0,"284":0,"285":0,"286":0,"287":0,"288":0,"289":0,"290":0,"291":0,"292":0,"293":0,"294":0,"295":0,"296":0,"297":0,"298":0,"299":0,"300":0,"301":0,"302":0,"303":0,"304":0,"305":0,"306":0,"307":0,"308":0,"309":0,"310":0,"311":0,"312":0,"313":0,"314":0,"315":0,"316":0,"317":0,"318":0,"319":0,"320":0,"321":0,"322":0,"323":0,"324":0,"325":0,"326":0,"327":0,"328":0,"329":0,"330":0,"331":0,"332":0,"333":0,"334":0,"335":0,"336":0,"337":0,"338":0,"339":0,"340":0,"341":0,"342":0,"343":0,"344":0,"345":0,"346":0,"347":0,"348":0,"349":0,"350":0,"351":0,"352":0,"353":0,"354":0,"355":0,"356":0,"357":0,"358":0,"359":0,"360":0,"361":0,"362":0,"363":0,"364":0,"365":0,"366":0,"367":0,"368":0,"369":0,"370":0,"371":0,"372":0,"373":0,"374":0,"375":0,"376":0,"377":0,"378":0,"379":0,"380":0,"381":0,"382":0,"383":0,"384":0,"385":0,"386":0,"387":0,"388":0,"389":0,"390":0,"391":0,"392":0,"393":0,"394":0,"395":0,"396":0,"397":0,"398":0,"399":0,"400":0,"401":0,"402":0,"403":0,"404":0,"405":0,"406":0,"407":0,"408":0,"409":0,"410":0,"411":0,"412":0,"413":0,"414":0,"415":0,"416":0,"417":0,"418":0,"419":0,"420":0,"421":0,"422":0,"423":0,"424":0,"425":0,"426":0,"427":0,"428":0,"429":0,"430":0,"431":0,"432":0,"433":0,"434":0,"435":0,"436":0,"437":0,"438":0,"439":0,"440":0,"441":0,"442":0,"443":0,"444":0,"445":0,"446":0,"447":0,"448":0,"449":0,"450":0,"451":0,"452":0,"453":0,"454":0,"455":0,"456":0,"457":0,"458":0,"459":0,"460":0,"461":0,"462":0,"463":0,"464":0,"465":0,"466":0,"467":0,"468":0,"469":0,"470":0,"471":0,"472":0},"f":{"0":0,"1":0,"2":0,"3":0,"4":0,"5":0,"6":0,"7":0,"8":0,"9":0,"10":0,"11":0,"12":0,"13":0,"14":0,"15":0,"16":0,"17":0,"18":0,"19":0,"20":0,"21":0,"22":0,"23":0,"24":0,"25":0,"26":0,"27":0,"28":0,"29":0,"30":0,"31":0,"32":0,"33":0,"34":0,"35":0,"36":0,"37":0,"38":0,"39":0,"40":0,"41":0,"42":0,"43":0,"44":0,"45":0,"46":0,"47":0,"48":0,"49":0,"50":0,"51":0,"52":0,"53":0,"54":0,"55":0,"56":0,"57":0,"58":0,"59":0,"60":0,"61":0,"62":0,"63":0,"64":0,"65":0,"66":0,"67":0,"68":0,"69":0,"70":0,"71":0,"72":0,"73":0,"74":0,"75":0,"76":0,"77":0,"78":0,"79":0,"80":0,"81":0,"82":0,"83":0,"84":0,"85":0,"86":0,"87":0,"88":0,"89":0,"90":0,"91":0,"92":0,"93":0,"94":0,"95":0,"96":0,"97":0,"98":0,"99":0,"100":0,"101":0,"102":0,"103":0,"104":0,"105":0,"106":0,"107":0,"108":0,"109":0,"110":0,"111":0,"112":0,"113":0,"114":0,"115":0,"116":0,"117":0,"118":0,"119":0,"120":0,"121":0,"122":0,"123":0,"124":0,"125":0,"126":0,"127":0,"128":0,"129":0,"130":0,"131":0,"132":0,"133":0},"b":{"0":[0,0],"1":[0,0],"2":[0,0],"3":[0,0],"4":[0,0],"5":[0,0],"6":[0,0],"7":[0,0,0],"8":[0,0],"9":[0,0],"10":[0,0],"11":[0,0],"12":[0,0],"13":[0,0,0],"14":[0,0],"15":[0,0],"16":[0,0],"17":[0,0],"18":[0,0],"19":[0,0],"20":[0,0],"21":[0,0],"22":[0,0],"23":[0,0],"24":[0,0],"25":[0,0],"26":[0,0],"27":[0,0],"28":[0,0],"29":[0,0,0],"30":[0,0],"31":[0,0],"32":[0,0],"33":[0,0],"34":[0,0],"35":[0,0],"36":[0,0],"37":[0,0],"38":[0,0],"39":[0,0],"40":[0,0,0],"41":[0,0],"42":[0,0],"43":[0,0],"44":[0,0,0],"45":[0,0],"46":[0,0],"47":[0,0],"48":[0,0],"49":[0,0],"50":[0,0],"51":[0,0],"52":[0,0],"53":[0,0],"54":[0,0],"55":[0,0],"56":[0,0],"57":[0,0,0],"58":[0,0],"59":[0,0],"60":[0,0],"61":[0,0],"62":[0,0],"63":[0,0],"64":[0,0],"65":[0,0],"66":[0,0],"67":[0,0],"68":[0,0],"69":[0,0],"70":[0,0],"71":[0,0],"72":[0,0],"73":[0,0],"74":[0,0],"75":[0,0],"76":[0,0],"77":[0,0],"78":[0,0],"79":[0,0],"80":[0,0],"81":[0,0],"82":[0,0],"83":[0,0],"84":[0,0],"85":[0,0],"86":[0,0],"87":[0,0],"88":[0,0],"89":[0,0],"90":[0,0],"91":[0,0],"92":[0,0],"93":[0,0],"94":[0,0],"95":[0,0],"96":[0,0],"97":[0,0],"98":[0,0],"99":[0,0],"100":[0,0,0],"101":[0,0],"102":[0,0],"103":[0,0],"104":[0,0],"105":[0,0],"106":[0,0],"107":[0,0],"108":[0],"109":[0,0],"110":[0,0],"111":[0,0],"112":[0,0],"113":[0,0],"114":[0,0],"115":[0,0],"116":[0],"117":[0,0],"118":[0,0],"119":[0,0],"120":[0],"121":[0,0],"122":[0,0],"123":[0,0],"124":[0,0],"125":[0,0],"126":[0,0],"127":[0,0],"128":[0,0],"129":[0,0],"130":[0,0],"131":[0,0],"132":[0,0],"133":[0,0],"134":[0,0],"135":[0,0],"136":[0,0],"137":[0,0],"138":[0,0],"139":[0,0],"140":[0,0],"141":[0,0,0],"142":[0,0],"143":[0,0],"144":[0,0,0],"145":[0,0],"146":[0,0],"147":[0,0],"148":[0,0],"149":[0,0],"150":[0,0],"151":[0,0],"152":[0,0],"153":[0,0],"154":[0,0],"155":[0,0],"156":[0,0],"157":[0,0],"158":[0,0],"159":[0,0],"160":[0],"161":[0,0],"162":[0],"163":[0,0],"164":[0,0],"165":[0,0],"166":[0,0],"167":[0,0],"168":[0,0],"169":[0,0],"170":[0,0],"171":[0,0],"172":[0,0],"173":[0,0],"174":[0,0],"175":[0,0],"176":[0,0],"177":[0,0],"178":[0,0],"179":[0,0],"180":[0,0],"181":[0,0]}}
,"/Users/alibaba-wangzhisen/wong/classfy/src/index.ts": {"path":"/Users/alibaba-wangzhisen/wong/classfy/src/index.ts","statementMap":{"0":{"start":{"line":1,"column":18},"end":{"line":1,"column":null}},"1":{"start":{"line":11,"column":23},"end":{"line":11,"column":null}},"2":{"start":{"line":13,"column":13},"end":{"line":19,"column":null}},"3":{"start":{"line":14,"column":15},"end":{"line":14,"column":null}},"4":{"start":{"line":15,"column":2},"end":{"line":17,"column":null}},"5":{"start":{"line":16,"column":4},"end":{"line":16,"column":null}},"6":{"start":{"line":18,"column":2},"end":{"line":18,"column":null}},"7":{"start":{"line":32,"column":2},"end":{"line":35,"column":null}},"8":{"start":{"line":33,"column":21},"end":{"line":33,"column":null}},"9":{"start":{"line":34,"column":4},"end":{"line":34,"column":null}},"10":{"start":{"line":37,"column":2},"end":{"line":50,"column":null}},"11":{"start":{"line":38,"column":29},"end":{"line":38,"column":null}},"12":{"start":{"line":39,"column":4},"end":{"line":48,"column":null}},"13":{"start":{"line":40,"column":6},"end":{"line":47,"column":null}},"14":{"start":{"line":49,"column":4},"end":{"line":49,"column":null}},"15":{"start":{"line":52,"column":2},"end":{"line":74,"column":null}},"16":{"start":{"line":53,"column":29},"end":{"line":53,"column":null}},"17":{"start":{"line":54,"column":4},"end":{"line":72,"column":null}},"18":{"start":{"line":55,"column":6},"end":{"line":71,"column":null}},"19":{"start":{"line":59,"column":21},"end":{"line":59,"column":null}},"20":{"start":{"line":61,"column":8},"end":{"line":70,"column":null}},"21":{"start":{"line":62,"column":10},"end":{"line":69,"column":null}},"22":{"start":{"line":73,"column":4},"end":{"line":73,"column":null}},"23":{"start":{"line":76,"column":2},"end":{"line":76,"column":null}},"24":{"start":{"line":85,"column":4},"end":{"line":85,"column":null}},"25":{"start":{"line":86,"column":4},"end":{"line":86,"column":null}},"26":{"start":{"line":87,"column":4},"end":{"line":87,"column":null}},"27":{"start":{"line":91,"column":4},"end":{"line":93,"column":null}},"28":{"start":{"line":92,"column":6},"end":{"line":92,"column":null}},"29":{"start":{"line":95,"column":33},"end":{"line":95,"column":null}},"30":{"start":{"line":97,"column":4},"end":{"line":106,"column":null}},"31":{"start":{"line":98,"column":6},"end":{"line":105,"column":null}},"32":{"start":{"line":108,"column":4},"end":{"line":108,"column":null}},"33":{"start":{"line":113,"column":23},"end":{"line":113,"column":null}},"34":{"start":{"line":116,"column":2},"end":{"line":116,"column":null}},"35":{"start":{"line":119,"column":0},"end":{"line":122,"column":null}},"36":{"start":{"line":120,"column":19},"end":{"line":120,"column":null}},"37":{"start":{"line":121,"column":2},"end":{"line":121,"column":null}},"38":{"start":{"line":121,"column":33},"end":{"line":121,"column":null}}},"fnMap":{"0":{"name":"(anonymous_0)","decl":{"start":{"line":13,"column":13},"end":{"line":13,"column":14}},"loc":{"start":{"line":13,"column":34},"end":{"line":19,"column":null}}},"1":{"name":"getClassNames","decl":{"start":{"line":21,"column":9},"end":{"line":21,"column":23}},"loc":{"start":{"line":31,"column":13},"end":{"line":77,"column":null}}},"2":{"name":"(anonymous_2)","decl":{"start":{"line":84,"column":2},"end":{"line":84,"column":14}},"loc":{"start":{"line":84,"column":36},"end":{"line":88,"column":null}}},"3":{"name":"(anonymous_3)","decl":{"start":{"line":90,"column":9},"end":{"line":90,"column":26}},"loc":{"start":{"line":90,"column":51},"end":{"line":109,"column":null}}},"4":{"name":"utils","decl":{"start":{"line":115,"column":9},"end":{"line":115,"column":18}},"loc":{"start":{"line":115,"column":43},"end":{"line":117,"column":null}}},"5":{"name":"(anonymous_5)","decl":{"start":{"line":119,"column":15},"end":{"line":119,"column":25}},"loc":{"start":{"line":119,"column":46},"end":{"line":122,"column":null}}},"6":{"name":"(anonymous_6)","decl":{"start":{"line":121,"column":9},"end":{"line":121,"column":13}},"loc":{"start":{"line":121,"column":33},"end":{"line":121,"column":null}}}},"branchMap":{"0":{"loc":{"start":{"line":25,"column":2},"end":{"line":25,"column":null}},"type":"default-arg","locations":[{"start":{"line":25,"column":14},"end":{"line":25,"column":null}}]},"1":{"loc":{"start":{"line":32,"column":2},"end":{"line":35,"column":null}},"type":"if","locations":[{"start":{"line":32,"column":2},"end":{"line":35,"column":null}},{"start":{},"end":{}}]},"2":{"loc":{"start":{"line":33,"column":21},"end":{"line":33,"column":null}},"type":"binary-expr","locations":[{"start":{"line":33,"column":21},"end":{"line":33,"column":39}},{"start":{"line":33,"column":39},"end":{"line":33,"column":null}}]},"3":{"loc":{"start":{"line":34,"column":12},"end":{"line":34,"column":66}},"type":"cond-expr","locations":[{"start":{"line":34,"column":21},"end":{"line":34,"column":58}},{"start":{"line":34,"column":58},"end":{"line":34,"column":66}}]},"4":{"loc":{"start":{"line":37,"column":2},"end":{"line":50,"column":null}},"type":"if","locations":[{"start":{"line":37,"column":2},"end":{"line":50,"column":null}},{"start":{},"end":{}}]},"5":{"loc":{"start":{"line":52,"column":2},"end":{"line":74,"column":null}},"type":"if","locations":[{"start":{"line":52,"column":2},"end":{"line":74,"column":null}},{"start":{},"end":{}}]},"6":{"loc":{"start":{"line":52,"column":6},"end":{"line":52,"column":38}},"type":"binary-expr","locations":[{"start":{"line":52,"column":6},"end":{"line":52,"column":13}},{"start":{"line":52,"column":13},"end":{"line":52,"column":38}}]},"7":{"loc":{"start":{"line":55,"column":6},"end":{"line":71,"column":null}},"type":"if","locations":[{"start":{"line":55,"column":6},"end":{"line":71,"column":null}},{"start":{},"end":{}}]},"8":{"loc":{"start":{"line":56,"column":8},"end":{"line":57,"column":null}},"type":"binary-expr","locations":[{"start":{"line":56,"column":8},"end":{"line":56,"column":null}},{"start":{"line":57,"column":9},"end":{"line":57,"column":null}}]},"9":{"loc":{"start":{"line":61,"column":8},"end":{"line":70,"column":null}},"type":"if","locations":[{"start":{"line":61,"column":8},"end":{"line":70,"column":null}},{"start":{},"end":{}}]},"10":{"loc":{"start":{"line":61,"column":12},"end":{"line":61,"column":68}},"type":"binary-expr","locations":[{"start":{"line":61,"column":12},"end":{"line":61,"column":29}},{"start":{"line":61,"column":29},"end":{"line":61,"column":56}},{"start":{"line":61,"column":56},"end":{"line":61,"column":68}}]},"11":{"loc":{"start":{"line":91,"column":4},"end":{"line":93,"column":null}},"type":"if","locations":[{"start":{"line":91,"column":4},"end":{"line":93,"column":null}},{"start":{},"end":{}}]},"12":{"loc":{"start":{"line":92,"column":13},"end":{"line":92,"column":null}},"type":"binary-expr","locations":[{"start":{"line":92,"column":13},"end":{"line":92,"column":28}},{"start":{"line":92,"column":28},"end":{"line":92,"column":null}}]}},"s":{"0":1,"1":1,"2":1,"3":20,"4":20,"5":32,"6":20,"7":65,"8":32,"9":32,"10":33,"11":20,"12":20,"13":31,"14":20,"15":13,"16":5,"17":5,"18":10,"19":7,"20":7,"21":6,"22":5,"23":8,"24":12,"25":12,"26":12,"27":22,"28":2,"29":20,"30":20,"31":28,"32":20,"33":1,"34":11,"35":1,"36":11,"37":11,"38":11},"f":{"0":20,"1":65,"2":12,"3":22,"4":11,"5":11,"6":11},"b":{"0":[21],"1":[32,33],"2":[32,27],"3":[14,18],"4":[20,13],"5":[5,8],"6":[13,5],"7":[7,3],"8":[10,10],"9":[6,1],"10":[7,3,2],"11":[2,20],"12":[2,1]}}
}
